<?xml version="1.0" encoding="UTF-8"?>
<!-- Generated by org.testng.reporters.JUnitReportReporter -->
<testsuite hostname="NUV-5CG1152V3W" failures="0" tests="4" name="ShoppingTests.TESTS_HomePageCSV" time="4.321" errors="0" timestamp="2023-05-22T17:14:26 EEST" skipped="0">
  <testcase classname="ShoppingTests.TESTS_HomePageCSV" name="t2_csvTest" time="3.056"/>
  <system-out>
    <![CDATA[Successfully opened url 'https://ecommerce-playground.lambdatest.io/index.php?route=common/home'
 Enter value : HTC Touch HD]]>
  </system-out>
  <testcase classname="ShoppingTests.TESTS_HomePageCSV" name="dbg" time="0.002"/>
  <system-out/>
  <testcase classname="ShoppingTests.TESTS_HomePageCSV" name="dbg" time="0.003"/>
  <system-out/>
  <testcase classname="ShoppingTests.TESTS_HomePageCSV" name="t2_csvTest" time="1.260"/>
  <system-out>
    <![CDATA[Successfully opened url 'https://ecommerce-playground.lambdatest.io/index.php?route=common/home'
 Enter value : Palm Treo Pro]]>
  </system-out>
</testsuite> <!-- ShoppingTests.TESTS_HomePageCSV -->
