<?xml version="1.0" encoding="UTF-8"?>
<!-- Generated by org.testng.reporters.JUnitReportReporter -->
<testsuite hostname="NUV-5CG1152V3W" failures="0" tests="6" name="ShoppingTests.DifferentCalculations" time="65.744" errors="3" timestamp="2023-06-15T12:20:02 EEST" skipped="1">
  <testcase classname="ShoppingTests.DifferentCalculations" name="t4_FacadeGuestAccount" time="19.793">
    <error message="Session ID is null. Using WebDriver after calling quit()?
Build info: version: &#039;3.141.59&#039;, revision: &#039;e82be7d358&#039;, time: &#039;2018-11-14T08:17:03&#039;
System info: host: &#039;NUV-5CG1152V3W&#039;, ip: &#039;192.168.0.163&#039;, os.name: &#039;Windows 10&#039;, os.arch: &#039;amd64&#039;, os.version: &#039;10.0&#039;, java.version: &#039;17.0.7&#039;
Driver info: driver.version: EventFiringWebDriver" type="org.openqa.selenium.NoSuchSessionException">
      <![CDATA[org.openqa.selenium.NoSuchSessionException: Session ID is null. Using WebDriver after calling quit()?
Build info: version: '3.141.59', revision: 'e82be7d358', time: '2018-11-14T08:17:03'
System info: host: 'NUV-5CG1152V3W', ip: '192.168.0.163', os.name: 'Windows 10', os.arch: 'amd64', os.version: '10.0', java.version: '17.0.7'
Driver info: driver.version: EventFiringWebDriver
at org.openqa.selenium.remote.HttpCommandExecutor.execute(HttpCommandExecutor.java:125)
at org.openqa.selenium.remote.service.DriverCommandExecutor.execute(DriverCommandExecutor.java:83)
at org.openqa.selenium.remote.RemoteWebDriver.execute(RemoteWebDriver.java:552)
at org.openqa.selenium.remote.RemoteWebDriver.findElement(RemoteWebDriver.java:323)
at org.openqa.selenium.remote.RemoteWebDriver.findElementByXPath(RemoteWebDriver.java:428)
at org.openqa.selenium.By$ByXPath.findElement(By.java:353)
at org.openqa.selenium.remote.RemoteWebDriver.findElement(RemoteWebDriver.java:315)
at jdk.internal.reflect.GeneratedMethodAccessor3.invoke(Unknown Source)
at java.base/jdk.internal.reflect.DelegatingMethodAccessorImpl.invoke(DelegatingMethodAccessorImpl.java:43)
at java.base/java.lang.reflect.Method.invoke(Method.java:568)
at org.openqa.selenium.support.events.EventFiringWebDriver.lambda$new$1(EventFiringWebDriver.java:105)
at jdk.proxy2/jdk.proxy2.$Proxy14.findElement(Unknown Source)
at org.openqa.selenium.support.events.EventFiringWebDriver.findElement(EventFiringWebDriver.java:194)
at Pages.AccountRegisterPage.subTotalValue(AccountRegisterPage.java:344)
at Pages.AccountRegisterPage.getSubTotalAmount(AccountRegisterPage.java:391)
at Pages.FascadePage.assertionsNoVat(FascadePage.java:220)
at ShoppingTests.DifferentCalculations.t4_FacadeGuestAccount(DifferentCalculations.java:251)
at java.base/jdk.internal.reflect.NativeMethodAccessorImpl.invoke0(Native Method)
at java.base/jdk.internal.reflect.NativeMethodAccessorImpl.invoke(NativeMethodAccessorImpl.java:77)
at java.base/jdk.internal.reflect.DelegatingMethodAccessorImpl.invoke(DelegatingMethodAccessorImpl.java:43)
at java.base/java.lang.reflect.Method.invoke(Method.java:568)
at org.testng.internal.MethodInvocationHelper.invokeMethod(MethodInvocationHelper.java:133)
at org.testng.internal.TestInvoker.invokeMethod(TestInvoker.java:598)
at org.testng.internal.TestInvoker.invokeTestMethod(TestInvoker.java:173)
at org.testng.internal.MethodRunner.runInSequence(MethodRunner.java:46)
at org.testng.internal.TestInvoker$MethodInvocationAgent.invoke(TestInvoker.java:824)
at org.testng.internal.TestInvoker.invokeTestMethods(TestInvoker.java:146)
at org.testng.internal.TestMethodWorker.invokeTestMethods(TestMethodWorker.java:146)
at org.testng.internal.TestMethodWorker.run(TestMethodWorker.java:128)
at java.base/java.util.concurrent.ThreadPoolExecutor.runWorker(ThreadPoolExecutor.java:1136)
at java.base/java.util.concurrent.ThreadPoolExecutor$Worker.run(ThreadPoolExecutor.java:635)
at java.base/java.lang.Thread.run(Thread.java:833)
]]>
    </error>
  </testcase> <!-- t4_FacadeGuestAccount -->
  <system-out>
    <![CDATA[Starting test method:t4_FacadeGuestAccount
Successfully opened url 'https://ecommerce-playground.lambdatest.io/index.php?route=common/home'
 Enter value : Iphone
Successfully click on element 
 Enter value : Bennett
 Enter value : Jacobi
 Enter value : marci.schumm@gmail.com
 Enter value : 01998 115763
 Enter value : Marks-Berge
 Enter value : 2591 Davis Centers, Lemkeview, NE ZD25 7JQ
 Enter value : 2591 Davis Centers, Lemkeview, NE ZD25 7JQ
 Enter value : WB5A 4BA
 Enter value : Sofia
Successfully click on element   --- Please Select ---
 Aaland Islands
 Afghanistan
 Albania
 Algeria
 American Samoa
 Andorra
 Angola
 Anguilla
 Antarctica
 Antigua and Barbuda
 Argentina
 Armenia
 Aruba
 Ascension Island (British)
 Australia
 Austria
 Azerbaijan
 Bahamas
 Bahrain
 Bangladesh
 Barbados
 Belarus
 Belgium
 Belize
 Benin
 Bermuda
 Bhutan
 Bolivia
 Bonaire, Sint Eustatius and Saba
 Bosnia and Herzegovina
 Botswana
 Bouvet Island
 Brazil
 British Indian Ocean Territory
 Brunei Darussalam
 Bulgaria
 Burkina Faso
 Burundi
 Cambodia
 Cameroon
 Canada
 Canary Islands
 Cape Verde
 Cayman Islands
 Central African Republic
 Chad
 Chile
 China
 Christmas Island
 Cocos (Keeling) Islands
 Colombia
 Comoros
 Congo
 Cook Islands
 Costa Rica
 Cote D'Ivoire
 Croatia
 Cuba
 Curacao
 Cyprus
 Czech Republic
 Democratic Republic of Congo
 Denmark
 Djibouti
 Dominica
 Dominican Republic
 East Timor
 Ecuador
 Egypt
 El Salvador
 Equatorial Guinea
 Eritrea
 Estonia
 Ethiopia
 Falkland Islands (Malvinas)
 Faroe Islands
 Fiji
 Finland
 France, Metropolitan
 French Guiana
 French Polynesia
 French Southern Territories
 FYROM
 Gabon
 Gambia
 Georgia
 Germany
 Ghana
 Gibraltar
 Greece
 Greenland
 Grenada
 Guadeloupe
 Guam
 Guatemala
 Guernsey
 Guinea
 Guinea-Bissau
 Guyana
 Haiti
 Heard and Mc Donald Islands
 Honduras
 Hong Kong
 Hungary
 Iceland
 India
 Indonesia
 Iran (Islamic Republic of)
 Iraq
 Ireland
 Isle of Man
 Israel
 Italy
 Jamaica
 Japan
 Jersey
 Jordan
 Kazakhstan
 Kenya
 Kiribati
 Kosovo, Republic of
 Kuwait
 Kyrgyzstan
 Lao People's Democratic Republic
 Latvia
 Lebanon
 Lesotho
 Liberia
 Libyan Arab Jamahiriya
 Liechtenstein
 Lithuania
 Luxembourg
 Macau
 Madagascar
 Malawi
 Malaysia
 Maldives
 Mali
 Malta
 Marshall Islands
 Martinique
 Mauritania
 Mauritius
 Mayotte
 Mexico
 Micronesia, Federated States of
 Moldova, Republic of
 Monaco
 Mongolia
 Montenegro
 Montserrat
 Morocco
 Mozambique
 Myanmar
 Namibia
 Nauru
 Nepal
 Netherlands
 Netherlands Antilles
 New Caledonia
 New Zealand
 Nicaragua
 Niger
 Nigeria
 Niue
 Norfolk Island
 North Korea
 Northern Mariana Islands
 Norway
 Oman
 Pakistan
 Palau
 Palestinian Territory, Occupied
 Panama
 Papua New Guinea
 Paraguay
 Peru
 Philippines
 Pitcairn
 Poland
 Portugal
 Puerto Rico
 Qatar
 Reunion
 Romania
 Russian Federation
 Rwanda
 Saint Kitts and Nevis
 Saint Lucia
 Saint Vincent and the Grenadines
 Samoa
 San Marino
 Sao Tome and Principe
 Saudi Arabia
 Senegal
 Serbia
 Seychelles
 Sierra Leone
 Singapore
 Slovak Republic
 Slovenia
 Solomon Islands
 Somalia
 South Africa
 South Georgia & South Sandwich Islands
 South Korea
 South Sudan
 Spain
 Sri Lanka
 St. Barthelemy
 St. Helena
 St. Martin (French part)
 St. Pierre and Miquelon
 Sudan
 Suriname
 Svalbard and Jan Mayen Islands
 Swaziland
 Sweden
 Switzerland
 Syrian Arab Republic
 Taiwan
 Tajikistan
 Tanzania, United Republic of
 Thailand
 Togo
 Tokelau
 Tonga
 Trinidad and Tobago
 Tristan da Cunha
 Tunisia
 Turkey
 Turkmenistan
 Turks and Caicos Islands
 Tuvalu
 Uganda
 Ukraine
 United Arab Emirates
 United Kingdom
 United States
 United States Minor Outlying Islands
 Uruguay
 Uzbekistan
 Vanuatu
 Vatican City State (Holy See)
 Venezuela
 Viet Nam
 Virgin Islands (British)
 Virgin Islands (U.S.)
 Wallis and Futuna Islands
 Western Sahara
 Yemen
 Zambia
 Zimbabwe
 
Successfully click on element Bulgaria
Successfully click on element --- Please Select ---
Blagoevgrad
Burgas
Dobrich
Gabrovo
Haskovo
Kardjali
Kyustendil
Lovech
Montana
Pazardjik
Pernik
Pleven
Plovdiv
Razgrad
Ruse
Shumen
Silistra
Sliven
Smolyan
Sofia
Sofia - town
Stara Zagora
Targovishte
Varna
Veliko Tarnovo
Vidin
Vratza
Yambol
Successfully click on element Sofia
Successfully click on element 
<a href=C:\Users\PlamenTanev\git\LamdaTestRefact\Shopping\screenshots\Thu_Jun_15_12_19_44_EEST_2023.png></a>
<br>  <img src='C:\Users\PlamenTanev\git\LamdaTestRefact\Shopping\screenshots\Thu_Jun_15_12_19_44_EEST_2023.png' height='200' width='200' /><br>
t4_FacadeGuestAccount is Failed
Click to see Screenshot
<a href=C:\Users\PlamenTanev\git\LamdaTestRefact\Shopping\screenshots\Thu_Jun_15_12_19_44_EEST_2023.png></a>
<br>  <img src='C:\Users\PlamenTanev\git\LamdaTestRefact\Shopping\screenshots\Thu_Jun_15_12_19_44_EEST_2023.png' height='200' width='200' /><br>
<a target="_blank" href=C:\Users\PlamenTanev\git\LamdaTestRefact\Shopping\screenshots\Thu_Jun_15_12_19_44_EEST_2023.png>Screenshot</a>]]>
  </system-out>
  <testcase classname="ShoppingTests.DifferentCalculations" name="t1_calculationsWithVAT_Country" time="15.804"/>
  <system-out>
    <![CDATA[Starting test method:t1_calculationsWithVAT_Country
Successfully opened url 'https://ecommerce-playground.lambdatest.io/index.php?route=account/login'
 Enter value : Iphone
Successfully click on element 
 Enter value : Reginald
 Enter value : Gleason
 Enter value : dane.roberts@hotmail.com
 Enter value : 0851 311 6425
 Enter value : Volkman, Sipes and Cronin
 Enter value : Suite 581 327 Esteban Square, West Caseyhaven, MN W85 2NE
 Enter value : Suite 581 327 Esteban Square, West Caseyhaven, MN W85 2NE
 Enter value : Y1P 5ZL
 Enter value : Kent
Successfully click on element   --- Please Select ---
 Aaland Islands
 Afghanistan
 Albania
 Algeria
 American Samoa
 Andorra
 Angola
 Anguilla
 Antarctica
 Antigua and Barbuda
 Argentina
 Armenia
 Aruba
 Ascension Island (British)
 Australia
 Austria
 Azerbaijan
 Bahamas
 Bahrain
 Bangladesh
 Barbados
 Belarus
 Belgium
 Belize
 Benin
 Bermuda
 Bhutan
 Bolivia
 Bonaire, Sint Eustatius and Saba
 Bosnia and Herzegovina
 Botswana
 Bouvet Island
 Brazil
 British Indian Ocean Territory
 Brunei Darussalam
 Bulgaria
 Burkina Faso
 Burundi
 Cambodia
 Cameroon
 Canada
 Canary Islands
 Cape Verde
 Cayman Islands
 Central African Republic
 Chad
 Chile
 China
 Christmas Island
 Cocos (Keeling) Islands
 Colombia
 Comoros
 Congo
 Cook Islands
 Costa Rica
 Cote D'Ivoire
 Croatia
 Cuba
 Curacao
 Cyprus
 Czech Republic
 Democratic Republic of Congo
 Denmark
 Djibouti
 Dominica
 Dominican Republic
 East Timor
 Ecuador
 Egypt
 El Salvador
 Equatorial Guinea
 Eritrea
 Estonia
 Ethiopia
 Falkland Islands (Malvinas)
 Faroe Islands
 Fiji
 Finland
 France, Metropolitan
 French Guiana
 French Polynesia
 French Southern Territories
 FYROM
 Gabon
 Gambia
 Georgia
 Germany
 Ghana
 Gibraltar
 Greece
 Greenland
 Grenada
 Guadeloupe
 Guam
 Guatemala
 Guernsey
 Guinea
 Guinea-Bissau
 Guyana
 Haiti
 Heard and Mc Donald Islands
 Honduras
 Hong Kong
 Hungary
 Iceland
 India
 Indonesia
 Iran (Islamic Republic of)
 Iraq
 Ireland
 Isle of Man
 Israel
 Italy
 Jamaica
 Japan
 Jersey
 Jordan
 Kazakhstan
 Kenya
 Kiribati
 Kosovo, Republic of
 Kuwait
 Kyrgyzstan
 Lao People's Democratic Republic
 Latvia
 Lebanon
 Lesotho
 Liberia
 Libyan Arab Jamahiriya
 Liechtenstein
 Lithuania
 Luxembourg
 Macau
 Madagascar
 Malawi
 Malaysia
 Maldives
 Mali
 Malta
 Marshall Islands
 Martinique
 Mauritania
 Mauritius
 Mayotte
 Mexico
 Micronesia, Federated States of
 Moldova, Republic of
 Monaco
 Mongolia
 Montenegro
 Montserrat
 Morocco
 Mozambique
 Myanmar
 Namibia
 Nauru
 Nepal
 Netherlands
 Netherlands Antilles
 New Caledonia
 New Zealand
 Nicaragua
 Niger
 Nigeria
 Niue
 Norfolk Island
 North Korea
 Northern Mariana Islands
 Norway
 Oman
 Pakistan
 Palau
 Palestinian Territory, Occupied
 Panama
 Papua New Guinea
 Paraguay
 Peru
 Philippines
 Pitcairn
 Poland
 Portugal
 Puerto Rico
 Qatar
 Reunion
 Romania
 Russian Federation
 Rwanda
 Saint Kitts and Nevis
 Saint Lucia
 Saint Vincent and the Grenadines
 Samoa
 San Marino
 Sao Tome and Principe
 Saudi Arabia
 Senegal
 Serbia
 Seychelles
 Sierra Leone
 Singapore
 Slovak Republic
 Slovenia
 Solomon Islands
 Somalia
 South Africa
 South Georgia & South Sandwich Islands
 South Korea
 South Sudan
 Spain
 Sri Lanka
 St. Barthelemy
 St. Helena
 St. Martin (French part)
 St. Pierre and Miquelon
 Sudan
 Suriname
 Svalbard and Jan Mayen Islands
 Swaziland
 Sweden
 Switzerland
 Syrian Arab Republic
 Taiwan
 Tajikistan
 Tanzania, United Republic of
 Thailand
 Togo
 Tokelau
 Tonga
 Trinidad and Tobago
 Tristan da Cunha
 Tunisia
 Turkey
 Turkmenistan
 Turks and Caicos Islands
 Tuvalu
 Uganda
 Ukraine
 United Arab Emirates
 United Kingdom
 United States
 United States Minor Outlying Islands
 Uruguay
 Uzbekistan
 Vanuatu
 Vatican City State (Holy See)
 Venezuela
 Viet Nam
 Virgin Islands (British)
 Virgin Islands (U.S.)
 Wallis and Futuna Islands
 Western Sahara
 Yemen
 Zambia
 Zimbabwe
 
Successfully click on element United Kingdom
Successfully click on element --- Please Select ---
Aberdeen
Aberdeenshire
Anglesey
Angus
Argyll and Bute
Bedfordshire
Berkshire
Blaenau Gwent
Bridgend
Bristol
Buckinghamshire
Caerphilly
Cambridgeshire
Cardiff
Carmarthenshire
Ceredigion
Cheshire
Clackmannanshire
Conwy
Cornwall
County Antrim
County Armagh
County Down
County Fermanagh
County Londonderry
County Tyrone
Cumbria
Denbighshire
Derbyshire
Devon
Dorset
Dumfries and Galloway
Dundee
Durham
East Ayrshire
East Dunbartonshire
East Lothian
East Renfrewshire
East Riding of Yorkshire
East Sussex
Edinburgh
Essex
Falkirk
Fife
Flintshire
Glasgow
Gloucestershire
Greater London
Greater Manchester
Gwynedd
Hampshire
Herefordshire
Hertfordshire
Highlands
Inverclyde
Isle of Wight
Kent
Lancashire
Leicestershire
Lincolnshire
Merseyside
Merthyr Tydfil
Midlothian
Monmouthshire
Moray
Neath Port Talbot
Newport
Norfolk
North Ayrshire
North Lanarkshire
North Yorkshire
Northamptonshire
Northumberland
Nottinghamshire
Orkney Islands
Oxfordshire
Pembrokeshire
Perth and Kinross
Powys
Renfrewshire
Rhondda Cynon Taff
Rutland
Scottish Borders
Shetland Islands
Shropshire
Somerset
South Ayrshire
South Lanarkshire
South Yorkshire
Staffordshire
Stirling
Suffolk
Surrey
Swansea
Torfaen
Tyne and Wear
Vale of Glamorgan
Warwickshire
West Dunbartonshire
West Lothian
West Midlands
West Sussex
West Yorkshire
Western Isles
Wiltshire
Worcestershire
Wrexham
Successfully click on element Kent
Successfully click on element 
Successfully click on element 
t1_calculationsWithVAT_Country is Passed]]>
  </system-out>
  <testcase classname="ShoppingTests.DifferentCalculations" name="t2_calculationsWithoutVAT_Country" time="3.693">
    <error message="stale element reference: stale element not found
  (Session info: chrome=113.0.5672.127)
For documentation on this error, please visit: https://www.seleniumhq.org/exceptions/stale_element_reference.html
Build info: version: &#039;3.141.59&#039;, revision: &#039;e82be7d358&#039;, time: &#039;2018-11-14T08:17:03&#039;
System info: host: &#039;NUV-5CG1152V3W&#039;, ip: &#039;192.168.0.163&#039;, os.name: &#039;Windows 10&#039;, os.arch: &#039;amd64&#039;, os.version: &#039;10.0&#039;, java.version: &#039;17.0.7&#039;
Driver info: org.openqa.selenium.chrome.ChromeDriver
Capabilities {acceptInsecureCerts: false, browserName: chrome, browserVersion: 113.0.5672.127, chrome: {chromedriverVersion: 113.0.5672.63 (0e1a4471d5ae..., userDataDir: C:\Users\PLAMEN~1\AppData\L...}, goog:chromeOptions: {debuggerAddress: localhost:60144}, javascriptEnabled: true, networkConnectionEnabled: false, pageLoadStrategy: normal, platform: WINDOWS, platformName: WINDOWS, proxy: Proxy(), setWindowRect: true, strictFileInteractability: false, timeouts: {implicit: 0, pageLoad: 300000, script: 30000}, unhandledPromptBehavior: dismiss and notify, webauthn:extension:credBlob: true, webauthn:extension:largeBlob: true, webauthn:extension:minPinLength: true, webauthn:extension:prf: true, webauthn:virtualAuthenticators: true}
Session ID: 8b290dc5027b4aa99943857f2513f1ca" type="org.openqa.selenium.StaleElementReferenceException">
      <![CDATA[org.openqa.selenium.StaleElementReferenceException: stale element reference: stale element not found
  (Session info: chrome=113.0.5672.127)
For documentation on this error, please visit: https://www.seleniumhq.org/exceptions/stale_element_reference.html
Build info: version: '3.141.59', revision: 'e82be7d358', time: '2018-11-14T08:17:03'
System info: host: 'NUV-5CG1152V3W', ip: '192.168.0.163', os.name: 'Windows 10', os.arch: 'amd64', os.version: '10.0', java.version: '17.0.7'
Driver info: org.openqa.selenium.chrome.ChromeDriver
Capabilities {acceptInsecureCerts: false, browserName: chrome, browserVersion: 113.0.5672.127, chrome: {chromedriverVersion: 113.0.5672.63 (0e1a4471d5ae..., userDataDir: C:\Users\PLAMEN~1\AppData\L...}, goog:chromeOptions: {debuggerAddress: localhost:60144}, javascriptEnabled: true, networkConnectionEnabled: false, pageLoadStrategy: normal, platform: WINDOWS, platformName: WINDOWS, proxy: Proxy(), setWindowRect: true, strictFileInteractability: false, timeouts: {implicit: 0, pageLoad: 300000, script: 30000}, unhandledPromptBehavior: dismiss and notify, webauthn:extension:credBlob: true, webauthn:extension:largeBlob: true, webauthn:extension:minPinLength: true, webauthn:extension:prf: true, webauthn:virtualAuthenticators: true}
Session ID: 8b290dc5027b4aa99943857f2513f1ca
at java.base/jdk.internal.reflect.NativeConstructorAccessorImpl.newInstance0(Native Method)
at java.base/jdk.internal.reflect.NativeConstructorAccessorImpl.newInstance(NativeConstructorAccessorImpl.java:77)
at java.base/jdk.internal.reflect.DelegatingConstructorAccessorImpl.newInstance(DelegatingConstructorAccessorImpl.java:45)
at java.base/java.lang.reflect.Constructor.newInstanceWithCaller(Constructor.java:499)
at java.base/java.lang.reflect.Constructor.newInstance(Constructor.java:480)
at org.openqa.selenium.remote.http.W3CHttpResponseCodec.createException(W3CHttpResponseCodec.java:187)
at org.openqa.selenium.remote.http.W3CHttpResponseCodec.decode(W3CHttpResponseCodec.java:122)
at org.openqa.selenium.remote.http.W3CHttpResponseCodec.decode(W3CHttpResponseCodec.java:49)
at org.openqa.selenium.remote.HttpCommandExecutor.execute(HttpCommandExecutor.java:158)
at org.openqa.selenium.remote.service.DriverCommandExecutor.execute(DriverCommandExecutor.java:83)
at org.openqa.selenium.remote.RemoteWebDriver.execute(RemoteWebDriver.java:552)
at org.openqa.selenium.remote.RemoteWebDriver.executeScript(RemoteWebDriver.java:489)
at java.base/jdk.internal.reflect.NativeMethodAccessorImpl.invoke0(Native Method)
at java.base/jdk.internal.reflect.NativeMethodAccessorImpl.invoke(NativeMethodAccessorImpl.java:77)
at java.base/jdk.internal.reflect.DelegatingMethodAccessorImpl.invoke(DelegatingMethodAccessorImpl.java:43)
at java.base/java.lang.reflect.Method.invoke(Method.java:568)
at org.openqa.selenium.support.events.EventFiringWebDriver.lambda$new$1(EventFiringWebDriver.java:105)
at jdk.proxy2/jdk.proxy2.$Proxy14.executeScript(Unknown Source)
at org.openqa.selenium.support.events.EventFiringWebDriver.executeScript(EventFiringWebDriver.java:229)
at Utils.TestUtil.HighLightElement(TestUtil.java:213)
at Utils.TestUtil.typeOnField(TestUtil.java:196)
at Pages.HomePage.enterProductInSearchField(HomePage.java:100)
at ShoppingTests.DifferentCalculations.t2_calculationsWithoutVAT_Country(DifferentCalculations.java:128)
at java.base/jdk.internal.reflect.NativeMethodAccessorImpl.invoke0(Native Method)
at java.base/jdk.internal.reflect.NativeMethodAccessorImpl.invoke(NativeMethodAccessorImpl.java:77)
at java.base/jdk.internal.reflect.DelegatingMethodAccessorImpl.invoke(DelegatingMethodAccessorImpl.java:43)
at java.base/java.lang.reflect.Method.invoke(Method.java:568)
at org.testng.internal.MethodInvocationHelper.invokeMethod(MethodInvocationHelper.java:133)
at org.testng.internal.TestInvoker.invokeMethod(TestInvoker.java:598)
at org.testng.internal.TestInvoker.invokeTestMethod(TestInvoker.java:173)
at org.testng.internal.MethodRunner.runInSequence(MethodRunner.java:46)
at org.testng.internal.TestInvoker$MethodInvocationAgent.invoke(TestInvoker.java:824)
at org.testng.internal.TestInvoker.invokeTestMethods(TestInvoker.java:146)
at org.testng.internal.TestMethodWorker.invokeTestMethods(TestMethodWorker.java:146)
at org.testng.internal.TestMethodWorker.run(TestMethodWorker.java:128)
at java.base/java.util.concurrent.ThreadPoolExecutor.runWorker(ThreadPoolExecutor.java:1136)
at java.base/java.util.concurrent.ThreadPoolExecutor$Worker.run(ThreadPoolExecutor.java:635)
at java.base/java.lang.Thread.run(Thread.java:833)
]]>
    </error>
  </testcase> <!-- t2_calculationsWithoutVAT_Country -->
  <system-out>
    <![CDATA[Starting test method:t2_calculationsWithoutVAT_Country
Successfully opened url 'https://ecommerce-playground.lambdatest.io/index.php?route=account/login'
<a href=C:\Users\PlamenTanev\git\LamdaTestRefact\Shopping\screenshots\Thu_Jun_15_12_19_13_EEST_2023.png></a>
<br>  <img src='C:\Users\PlamenTanev\git\LamdaTestRefact\Shopping\screenshots\Thu_Jun_15_12_19_13_EEST_2023.png' height='200' width='200' /><br>
t2_calculationsWithoutVAT_Country is Failed
Click to see Screenshot
<a href=C:\Users\PlamenTanev\git\LamdaTestRefact\Shopping\screenshots\Thu_Jun_15_12_19_13_EEST_2023.png></a>
<br>  <img src='C:\Users\PlamenTanev\git\LamdaTestRefact\Shopping\screenshots\Thu_Jun_15_12_19_13_EEST_2023.png' height='200' width='200' /><br>
<a target="_blank" href=C:\Users\PlamenTanev\git\LamdaTestRefact\Shopping\screenshots\Thu_Jun_15_12_19_13_EEST_2023.png>Screenshot</a>]]>
  </system-out>
  <testcase classname="ShoppingTests.DifferentCalculations" name="t3_FacadeRegisteredAccountNoVAT" time="12.367">
    <error message="stale element reference: stale element not found
  (Session info: chrome=113.0.5672.127)
For documentation on this error, please visit: https://www.seleniumhq.org/exceptions/stale_element_reference.html
Build info: version: &#039;3.141.59&#039;, revision: &#039;e82be7d358&#039;, time: &#039;2018-11-14T08:17:03&#039;
System info: host: &#039;NUV-5CG1152V3W&#039;, ip: &#039;192.168.0.163&#039;, os.name: &#039;Windows 10&#039;, os.arch: &#039;amd64&#039;, os.version: &#039;10.0&#039;, java.version: &#039;17.0.7&#039;
Driver info: org.openqa.selenium.chrome.ChromeDriver
Capabilities {acceptInsecureCerts: false, browserName: chrome, browserVersion: 113.0.5672.127, chrome: {chromedriverVersion: 113.0.5672.63 (0e1a4471d5ae..., userDataDir: C:\Users\PLAMEN~1\AppData\L...}, goog:chromeOptions: {debuggerAddress: localhost:60197}, javascriptEnabled: true, networkConnectionEnabled: false, pageLoadStrategy: normal, platform: WINDOWS, platformName: WINDOWS, proxy: Proxy(), setWindowRect: true, strictFileInteractability: false, timeouts: {implicit: 0, pageLoad: 300000, script: 30000}, unhandledPromptBehavior: dismiss and notify, webauthn:extension:credBlob: true, webauthn:extension:largeBlob: true, webauthn:extension:minPinLength: true, webauthn:extension:prf: true, webauthn:virtualAuthenticators: true}
Session ID: 3bd58d1a59eb8502e737c765b690b6d1" type="org.openqa.selenium.StaleElementReferenceException">
      <![CDATA[org.openqa.selenium.StaleElementReferenceException: stale element reference: stale element not found
  (Session info: chrome=113.0.5672.127)
For documentation on this error, please visit: https://www.seleniumhq.org/exceptions/stale_element_reference.html
Build info: version: '3.141.59', revision: 'e82be7d358', time: '2018-11-14T08:17:03'
System info: host: 'NUV-5CG1152V3W', ip: '192.168.0.163', os.name: 'Windows 10', os.arch: 'amd64', os.version: '10.0', java.version: '17.0.7'
Driver info: org.openqa.selenium.chrome.ChromeDriver
Capabilities {acceptInsecureCerts: false, browserName: chrome, browserVersion: 113.0.5672.127, chrome: {chromedriverVersion: 113.0.5672.63 (0e1a4471d5ae..., userDataDir: C:\Users\PLAMEN~1\AppData\L...}, goog:chromeOptions: {debuggerAddress: localhost:60197}, javascriptEnabled: true, networkConnectionEnabled: false, pageLoadStrategy: normal, platform: WINDOWS, platformName: WINDOWS, proxy: Proxy(), setWindowRect: true, strictFileInteractability: false, timeouts: {implicit: 0, pageLoad: 300000, script: 30000}, unhandledPromptBehavior: dismiss and notify, webauthn:extension:credBlob: true, webauthn:extension:largeBlob: true, webauthn:extension:minPinLength: true, webauthn:extension:prf: true, webauthn:virtualAuthenticators: true}
Session ID: 3bd58d1a59eb8502e737c765b690b6d1
at java.base/jdk.internal.reflect.NativeConstructorAccessorImpl.newInstance0(Native Method)
at java.base/jdk.internal.reflect.NativeConstructorAccessorImpl.newInstance(NativeConstructorAccessorImpl.java:77)
at java.base/jdk.internal.reflect.DelegatingConstructorAccessorImpl.newInstance(DelegatingConstructorAccessorImpl.java:45)
at java.base/java.lang.reflect.Constructor.newInstanceWithCaller(Constructor.java:499)
at java.base/java.lang.reflect.Constructor.newInstance(Constructor.java:480)
at org.openqa.selenium.remote.http.W3CHttpResponseCodec.createException(W3CHttpResponseCodec.java:187)
at org.openqa.selenium.remote.http.W3CHttpResponseCodec.decode(W3CHttpResponseCodec.java:122)
at org.openqa.selenium.remote.http.W3CHttpResponseCodec.decode(W3CHttpResponseCodec.java:49)
at org.openqa.selenium.remote.HttpCommandExecutor.execute(HttpCommandExecutor.java:158)
at org.openqa.selenium.remote.service.DriverCommandExecutor.execute(DriverCommandExecutor.java:83)
at org.openqa.selenium.remote.RemoteWebDriver.execute(RemoteWebDriver.java:552)
at org.openqa.selenium.remote.RemoteWebElement.execute(RemoteWebElement.java:285)
at org.openqa.selenium.remote.RemoteWebElement.getText(RemoteWebElement.java:166)
at jdk.internal.reflect.GeneratedMethodAccessor10.invoke(Unknown Source)
at java.base/jdk.internal.reflect.DelegatingMethodAccessorImpl.invoke(DelegatingMethodAccessorImpl.java:43)
at java.base/java.lang.reflect.Method.invoke(Method.java:568)
at org.openqa.selenium.support.events.EventFiringWebDriver$EventFiringWebElement.lambda$new$0(EventFiringWebDriver.java:404)
at jdk.proxy2/jdk.proxy2.$Proxy15.getText(Unknown Source)
at org.openqa.selenium.support.events.EventFiringWebDriver$EventFiringWebElement.getText(EventFiringWebDriver.java:463)
at Utils.TestUtil.selectDropdownOptionByTagName(TestUtil.java:263)
at Pages.AccountRegisterPage.selectRegionState(AccountRegisterPage.java:289)
at Pages.AddPersonalDetails.selectRegion(AddPersonalDetails.java:375)
at Pages.AddPersonalDetails.<init>(AddPersonalDetails.java:76)
at Pages.FascadePage.registeredAccountCheckoutProduct(FascadePage.java:65)
at ShoppingTests.DifferentCalculations.t3_FacadeRegisteredAccountNoVAT(DifferentCalculations.java:192)
at java.base/jdk.internal.reflect.NativeMethodAccessorImpl.invoke0(Native Method)
at java.base/jdk.internal.reflect.NativeMethodAccessorImpl.invoke(NativeMethodAccessorImpl.java:77)
at java.base/jdk.internal.reflect.DelegatingMethodAccessorImpl.invoke(DelegatingMethodAccessorImpl.java:43)
at java.base/java.lang.reflect.Method.invoke(Method.java:568)
at org.testng.internal.MethodInvocationHelper.invokeMethod(MethodInvocationHelper.java:133)
at org.testng.internal.TestInvoker.invokeMethod(TestInvoker.java:598)
at org.testng.internal.TestInvoker.invokeTestMethod(TestInvoker.java:173)
at org.testng.internal.MethodRunner.runInSequence(MethodRunner.java:46)
at org.testng.internal.TestInvoker$MethodInvocationAgent.invoke(TestInvoker.java:824)
at org.testng.internal.TestInvoker.invokeTestMethods(TestInvoker.java:146)
at org.testng.internal.TestMethodWorker.invokeTestMethods(TestMethodWorker.java:146)
at org.testng.internal.TestMethodWorker.run(TestMethodWorker.java:128)
at java.base/java.util.concurrent.ThreadPoolExecutor.runWorker(ThreadPoolExecutor.java:1136)
at java.base/java.util.concurrent.ThreadPoolExecutor$Worker.run(ThreadPoolExecutor.java:635)
at java.base/java.lang.Thread.run(Thread.java:833)
]]>
    </error>
  </testcase> <!-- t3_FacadeRegisteredAccountNoVAT -->
  <system-out>
    <![CDATA[Starting test method:t3_FacadeRegisteredAccountNoVAT
Successfully opened url 'https://ecommerce-playground.lambdatest.io/index.php?route=common/home'
 Enter value : Iphone
Successfully click on element 
 Enter value : Jerica
 Enter value : Brown
 Enter value : paula.denesik@hotmail.com
 Enter value : 0800 023 6145
 Enter value : 1234
 Enter value : 1234
 Enter value : Jacobson LLC
 Enter value : 856 Jolanda Land, South Garfieldville, ME MC7B 0NB
 Enter value : 856 Jolanda Land, South Garfieldville, ME MC7B 0NB
 Enter value : H4H 5WL
 Enter value : Sofia
Successfully click on element   --- Please Select ---
 Aaland Islands
 Afghanistan
 Albania
 Algeria
 American Samoa
 Andorra
 Angola
 Anguilla
 Antarctica
 Antigua and Barbuda
 Argentina
 Armenia
 Aruba
 Ascension Island (British)
 Australia
 Austria
 Azerbaijan
 Bahamas
 Bahrain
 Bangladesh
 Barbados
 Belarus
 Belgium
 Belize
 Benin
 Bermuda
 Bhutan
 Bolivia
 Bonaire, Sint Eustatius and Saba
 Bosnia and Herzegovina
 Botswana
 Bouvet Island
 Brazil
 British Indian Ocean Territory
 Brunei Darussalam
 Bulgaria
 Burkina Faso
 Burundi
 Cambodia
 Cameroon
 Canada
 Canary Islands
 Cape Verde
 Cayman Islands
 Central African Republic
 Chad
 Chile
 China
 Christmas Island
 Cocos (Keeling) Islands
 Colombia
 Comoros
 Congo
 Cook Islands
 Costa Rica
 Cote D'Ivoire
 Croatia
 Cuba
 Curacao
 Cyprus
 Czech Republic
 Democratic Republic of Congo
 Denmark
 Djibouti
 Dominica
 Dominican Republic
 East Timor
 Ecuador
 Egypt
 El Salvador
 Equatorial Guinea
 Eritrea
 Estonia
 Ethiopia
 Falkland Islands (Malvinas)
 Faroe Islands
 Fiji
 Finland
 France, Metropolitan
 French Guiana
 French Polynesia
 French Southern Territories
 FYROM
 Gabon
 Gambia
 Georgia
 Germany
 Ghana
 Gibraltar
 Greece
 Greenland
 Grenada
 Guadeloupe
 Guam
 Guatemala
 Guernsey
 Guinea
 Guinea-Bissau
 Guyana
 Haiti
 Heard and Mc Donald Islands
 Honduras
 Hong Kong
 Hungary
 Iceland
 India
 Indonesia
 Iran (Islamic Republic of)
 Iraq
 Ireland
 Isle of Man
 Israel
 Italy
 Jamaica
 Japan
 Jersey
 Jordan
 Kazakhstan
 Kenya
 Kiribati
 Kosovo, Republic of
 Kuwait
 Kyrgyzstan
 Lao People's Democratic Republic
 Latvia
 Lebanon
 Lesotho
 Liberia
 Libyan Arab Jamahiriya
 Liechtenstein
 Lithuania
 Luxembourg
 Macau
 Madagascar
 Malawi
 Malaysia
 Maldives
 Mali
 Malta
 Marshall Islands
 Martinique
 Mauritania
 Mauritius
 Mayotte
 Mexico
 Micronesia, Federated States of
 Moldova, Republic of
 Monaco
 Mongolia
 Montenegro
 Montserrat
 Morocco
 Mozambique
 Myanmar
 Namibia
 Nauru
 Nepal
 Netherlands
 Netherlands Antilles
 New Caledonia
 New Zealand
 Nicaragua
 Niger
 Nigeria
 Niue
 Norfolk Island
 North Korea
 Northern Mariana Islands
 Norway
 Oman
 Pakistan
 Palau
 Palestinian Territory, Occupied
 Panama
 Papua New Guinea
 Paraguay
 Peru
 Philippines
 Pitcairn
 Poland
 Portugal
 Puerto Rico
 Qatar
 Reunion
 Romania
 Russian Federation
 Rwanda
 Saint Kitts and Nevis
 Saint Lucia
 Saint Vincent and the Grenadines
 Samoa
 San Marino
 Sao Tome and Principe
 Saudi Arabia
 Senegal
 Serbia
 Seychelles
 Sierra Leone
 Singapore
 Slovak Republic
 Slovenia
 Solomon Islands
 Somalia
 South Africa
 South Georgia & South Sandwich Islands
 South Korea
 South Sudan
 Spain
 Sri Lanka
 St. Barthelemy
 St. Helena
 St. Martin (French part)
 St. Pierre and Miquelon
 Sudan
 Suriname
 Svalbard and Jan Mayen Islands
 Swaziland
 Sweden
 Switzerland
 Syrian Arab Republic
 Taiwan
 Tajikistan
 Tanzania, United Republic of
 Thailand
 Togo
 Tokelau
 Tonga
 Trinidad and Tobago
 Tristan da Cunha
 Tunisia
 Turkey
 Turkmenistan
 Turks and Caicos Islands
 Tuvalu
 Uganda
 Ukraine
 United Arab Emirates
 United Kingdom
 United States
 United States Minor Outlying Islands
 Uruguay
 Uzbekistan
 Vanuatu
 Vatican City State (Holy See)
 Venezuela
 Viet Nam
 Virgin Islands (British)
 Virgin Islands (U.S.)
 Wallis and Futuna Islands
 Western Sahara
 Yemen
 Zambia
 Zimbabwe
 
Successfully click on element Bulgaria
Successfully click on element --- Please Select ---
Blagoevgrad
Burgas
Dobrich
Gabrovo
Haskovo
Kardjali
Kyustendil
Lovech
Montana
Pazardjik
Pernik
Pleven
Plovdiv
Razgrad
Ruse
Shumen
Silistra
Sliven
Smolyan
Sofia
Sofia - town
Stara Zagora
Targovishte
Varna
Veliko Tarnovo
Vidin
Vratza
Yambol
<a href=C:\Users\PlamenTanev\git\LamdaTestRefact\Shopping\screenshots\Thu_Jun_15_12_19_25_EEST_2023.png></a>
<br>  <img src='C:\Users\PlamenTanev\git\LamdaTestRefact\Shopping\screenshots\Thu_Jun_15_12_19_25_EEST_2023.png' height='200' width='200' /><br>
t3_FacadeRegisteredAccountNoVAT is Failed
Click to see Screenshot
<a href=C:\Users\PlamenTanev\git\LamdaTestRefact\Shopping\screenshots\Thu_Jun_15_12_19_25_EEST_2023.png></a>
<br>  <img src='C:\Users\PlamenTanev\git\LamdaTestRefact\Shopping\screenshots\Thu_Jun_15_12_19_25_EEST_2023.png' height='200' width='200' /><br>
<a target="_blank" href=C:\Users\PlamenTanev\git\LamdaTestRefact\Shopping\screenshots\Thu_Jun_15_12_19_25_EEST_2023.png>Screenshot</a>]]>
  </system-out>
  <testcase classname="ShoppingTests.DifferentCalculations" name="t5_FacadeGuestAccountShippingAddressWithVAT" time="14.087"/>
  <system-out>
    <![CDATA[Starting test method:t5_FacadeGuestAccountShippingAddressWithVAT
Successfully opened url 'https://ecommerce-playground.lambdatest.io/index.php?route=common/home'
 Enter value : Iphone
Successfully click on element 
 Enter value : Carmelita
 Enter value : Watsica
 Enter value : aurelio.heathcote@gmail.com
 Enter value : 016977 4453
 Enter value : Rau, Bergnaum and Stokes
 Enter value : 8625 Jordan Throughway, New Stephanview, FL R7U 8WJ
 Enter value : 8625 Jordan Throughway, New Stephanview, FL R7U 8WJ
 Enter value : UM1N 1GA
 Enter value : Kent
Successfully click on element   --- Please Select ---
 Aaland Islands
 Afghanistan
 Albania
 Algeria
 American Samoa
 Andorra
 Angola
 Anguilla
 Antarctica
 Antigua and Barbuda
 Argentina
 Armenia
 Aruba
 Ascension Island (British)
 Australia
 Austria
 Azerbaijan
 Bahamas
 Bahrain
 Bangladesh
 Barbados
 Belarus
 Belgium
 Belize
 Benin
 Bermuda
 Bhutan
 Bolivia
 Bonaire, Sint Eustatius and Saba
 Bosnia and Herzegovina
 Botswana
 Bouvet Island
 Brazil
 British Indian Ocean Territory
 Brunei Darussalam
 Bulgaria
 Burkina Faso
 Burundi
 Cambodia
 Cameroon
 Canada
 Canary Islands
 Cape Verde
 Cayman Islands
 Central African Republic
 Chad
 Chile
 China
 Christmas Island
 Cocos (Keeling) Islands
 Colombia
 Comoros
 Congo
 Cook Islands
 Costa Rica
 Cote D'Ivoire
 Croatia
 Cuba
 Curacao
 Cyprus
 Czech Republic
 Democratic Republic of Congo
 Denmark
 Djibouti
 Dominica
 Dominican Republic
 East Timor
 Ecuador
 Egypt
 El Salvador
 Equatorial Guinea
 Eritrea
 Estonia
 Ethiopia
 Falkland Islands (Malvinas)
 Faroe Islands
 Fiji
 Finland
 France, Metropolitan
 French Guiana
 French Polynesia
 French Southern Territories
 FYROM
 Gabon
 Gambia
 Georgia
 Germany
 Ghana
 Gibraltar
 Greece
 Greenland
 Grenada
 Guadeloupe
 Guam
 Guatemala
 Guernsey
 Guinea
 Guinea-Bissau
 Guyana
 Haiti
 Heard and Mc Donald Islands
 Honduras
 Hong Kong
 Hungary
 Iceland
 India
 Indonesia
 Iran (Islamic Republic of)
 Iraq
 Ireland
 Isle of Man
 Israel
 Italy
 Jamaica
 Japan
 Jersey
 Jordan
 Kazakhstan
 Kenya
 Kiribati
 Kosovo, Republic of
 Kuwait
 Kyrgyzstan
 Lao People's Democratic Republic
 Latvia
 Lebanon
 Lesotho
 Liberia
 Libyan Arab Jamahiriya
 Liechtenstein
 Lithuania
 Luxembourg
 Macau
 Madagascar
 Malawi
 Malaysia
 Maldives
 Mali
 Malta
 Marshall Islands
 Martinique
 Mauritania
 Mauritius
 Mayotte
 Mexico
 Micronesia, Federated States of
 Moldova, Republic of
 Monaco
 Mongolia
 Montenegro
 Montserrat
 Morocco
 Mozambique
 Myanmar
 Namibia
 Nauru
 Nepal
 Netherlands
 Netherlands Antilles
 New Caledonia
 New Zealand
 Nicaragua
 Niger
 Nigeria
 Niue
 Norfolk Island
 North Korea
 Northern Mariana Islands
 Norway
 Oman
 Pakistan
 Palau
 Palestinian Territory, Occupied
 Panama
 Papua New Guinea
 Paraguay
 Peru
 Philippines
 Pitcairn
 Poland
 Portugal
 Puerto Rico
 Qatar
 Reunion
 Romania
 Russian Federation
 Rwanda
 Saint Kitts and Nevis
 Saint Lucia
 Saint Vincent and the Grenadines
 Samoa
 San Marino
 Sao Tome and Principe
 Saudi Arabia
 Senegal
 Serbia
 Seychelles
 Sierra Leone
 Singapore
 Slovak Republic
 Slovenia
 Solomon Islands
 Somalia
 South Africa
 South Georgia & South Sandwich Islands
 South Korea
 South Sudan
 Spain
 Sri Lanka
 St. Barthelemy
 St. Helena
 St. Martin (French part)
 St. Pierre and Miquelon
 Sudan
 Suriname
 Svalbard and Jan Mayen Islands
 Swaziland
 Sweden
 Switzerland
 Syrian Arab Republic
 Taiwan
 Tajikistan
 Tanzania, United Republic of
 Thailand
 Togo
 Tokelau
 Tonga
 Trinidad and Tobago
 Tristan da Cunha
 Tunisia
 Turkey
 Turkmenistan
 Turks and Caicos Islands
 Tuvalu
 Uganda
 Ukraine
 United Arab Emirates
 United Kingdom
 United States
 United States Minor Outlying Islands
 Uruguay
 Uzbekistan
 Vanuatu
 Vatican City State (Holy See)
 Venezuela
 Viet Nam
 Virgin Islands (British)
 Virgin Islands (U.S.)
 Wallis and Futuna Islands
 Western Sahara
 Yemen
 Zambia
 Zimbabwe
 
Successfully click on element United Kingdom
Successfully click on element --- Please Select ---
Aberdeen
Aberdeenshire
Anglesey
Angus
Argyll and Bute
Bedfordshire
Berkshire
Blaenau Gwent
Bridgend
Bristol
Buckinghamshire
Caerphilly
Cambridgeshire
Cardiff
Carmarthenshire
Ceredigion
Cheshire
Clackmannanshire
Conwy
Cornwall
County Antrim
County Armagh
County Down
County Fermanagh
County Londonderry
County Tyrone
Cumbria
Denbighshire
Derbyshire
Devon
Dorset
Dumfries and Galloway
Dundee
Durham
East Ayrshire
East Dunbartonshire
East Lothian
East Renfrewshire
East Riding of Yorkshire
East Sussex
Edinburgh
Essex
Falkirk
Fife
Flintshire
Glasgow
Gloucestershire
Greater London
Greater Manchester
Gwynedd
Hampshire
Herefordshire
Hertfordshire
Highlands
Inverclyde
Isle of Wight
Kent
Lancashire
Leicestershire
Lincolnshire
Merseyside
Merthyr Tydfil
Midlothian
Monmouthshire
Moray
Neath Port Talbot
Newport
Norfolk
North Ayrshire
North Lanarkshire
North Yorkshire
Northamptonshire
Northumberland
Nottinghamshire
Orkney Islands
Oxfordshire
Pembrokeshire
Perth and Kinross
Powys
Renfrewshire
Rhondda Cynon Taff
Rutland
Scottish Borders
Shetland Islands
Shropshire
Somerset
South Ayrshire
South Lanarkshire
South Yorkshire
Staffordshire
Stirling
Suffolk
Surrey
Swansea
Torfaen
Tyne and Wear
Vale of Glamorgan
Warwickshire
West Dunbartonshire
West Lothian
West Midlands
West Sussex
West Yorkshire
Western Isles
Wiltshire
Worcestershire
Wrexham
Successfully click on element Kent
Successfully click on element 
Successfully click on element 
t5_FacadeGuestAccountShippingAddressWithVAT is Passed]]>
  </system-out>
  <testcase classname="ShoppingTests.DifferentCalculations" name="t5_FacadeGuestAccountShippingAddress">
    <skipped/>
  </testcase> <!-- t5_FacadeGuestAccountShippingAddress -->
  <system-out/>
</testsuite> <!-- ShoppingTests.DifferentCalculations -->
