<?xml version="1.0" encoding="UTF-8"?>
<!-- Generated by org.testng.reporters.JUnitReportReporter -->
<testsuite hostname="NUV-5CG1152V3W" failures="0" tests="1" name="ShoppingTests.TESTS_AddRemoveItem" time="7.365" errors="0" timestamp="2023-05-22T16:22:11 EEST" skipped="0">
  <testcase classname="ShoppingTests.TESTS_AddRemoveItem" name="t1_shoppingCartVerificationAndRemoveProducts" time="7.365"/>
  <system-out>
    <![CDATA[Successfully opened url 'https://ecommerce-playground.lambdatest.io/index.php?route=common/home'
 Enter value : HTC Touch HD
Successfully click on element 
Text : Checkout - is Verified
Text : View Cart - is Verified
Page title  is Verified
Text : IMAGE - is Verified
Text : PRODUCT NAME - is Verified
Text : MODEL - is Verified
Text : QUANTITY - is Verified
Text : UNIT PRICE - is Verified
Text : TOTAL - is Verified
Successfully click on element ]]>
  </system-out>
</testsuite> <!-- ShoppingTests.TESTS_AddRemoveItem -->
