<?xml version="1.0" encoding="UTF-8"?>
<!-- Generated by org.testng.reporters.JUnitReportReporter -->
<testsuite hostname="NUV-5CG1152V3W" failures="0" tests="1" name="ShoppingTests.TESTS_PurchaseWithLoggedUser" time="28.128" errors="0" timestamp="2023-05-29T15:21:09 EEST" skipped="0">
  <testcase classname="ShoppingTests.TESTS_PurchaseWithLoggedUser" name="LoginAndPurchase" time="28.128"/>
  <system-out>
    <![CDATA[Successfully opened url 'https://ecommerce-playground.lambdatest.io/index.php?route=account/login'
 Enter value : plamen.tanev31@gmail.com
 Enter value : 1234
 Enter value : Iphone
Successfully click on element 
Text : VAT (20%): - is Verified
Successfully click on element 
Successfully click on element 
Successfully click on element Continue
Successfully click on element Confirm Order]]>
  </system-out>
</testsuite> <!-- ShoppingTests.TESTS_PurchaseWithLoggedUser -->
