<?xml version="1.0" encoding="UTF-8"?>
<!-- Generated by org.testng.reporters.JUnitReportReporter -->
<testsuite hostname="NUV-5CG1152V3W" failures="0" tests="3" name="ShoppingTests.Direct" time="33.096" errors="0" timestamp="2023-01-25T21:08:07 EET" skipped="2">
  <testcase classname="ShoppingTests.Direct" name="CheckoutItem_With_VAT" time="33.096"/>
  <system-out>
    <![CDATA[Successfully opened url 'https://ecommerce-playground.lambdatest.io/index.php?route=common/home'
 Enter value : HTC Touch HD
 Enter value : testFNick
 Enter value : testLNlvg
 Enter value : testEmailwlq@test.com
 Enter value : +359123456789
 Enter value : 1234
 Enter value : 1234
 Enter value : CompanyTestabs
 Enter value : address1_ldf
 Enter value : address2_mmq
 Enter value : Sofia
 Enter value : 1111
Text : VAT (20%): - is Verified]]>
  </system-out>
  <testcase classname="ShoppingTests.Direct" name="TBD">
    <skipped/>
  </testcase> <!-- TBD -->
  <system-out/>
  <testcase classname="ShoppingTests.Direct" name="ggg">
    <skipped/>
  </testcase> <!-- ggg -->
  <system-out/>
</testsuite> <!-- ShoppingTests.Direct -->
