<?xml version="1.0" encoding="UTF-8"?>
<!-- Generated by org.testng.reporters.JUnitReportReporter -->
<testsuite hostname="NUV-5CG1152V3W" failures="0" tests="1" name="ShoppingTests.TESTS_HomePage" time="3.680" errors="0" timestamp="2023-05-22T17:08:12 EEST" skipped="0">
  <testcase classname="ShoppingTests.TESTS_HomePage" name="t1_verify_HomePageElements" time="3.680"/>
  <system-out>
    <![CDATA[Successfully opened url 'https://ecommerce-playground.lambdatest.io/index.php?route=common/home'
Successfully click on element Shop by Category]]>
  </system-out>
</testsuite> <!-- ShoppingTests.TESTS_HomePage -->
