<?xml version="1.0" encoding="UTF-8"?>
<!-- Generated by org.testng.reporters.JUnitReportReporter -->
<testsuite hostname="NUV-5CG1152V3W" failures="0" tests="1" name="ShoppingTests.TESTS_ShoppingCartInlcudingNO_VAT" time="26.861" errors="0" timestamp="2023-01-25T14:00:12 EET" skipped="0">
  <testcase classname="ShoppingTests.TESTS_ShoppingCartInlcudingNO_VAT" name="t3_CheckoutItem_Without_VAT" time="26.861"/>
  <system-out>
    <![CDATA[Starting test method:t3_CheckoutItem_Without_VAT
Successfully opened url 'https://ecommerce-playground.lambdatest.io/index.php?route=common/home'
 Enter value : HTC Touch HD
 Enter value : testFNjqb
 Enter value : testLNqre
 Enter value : testEmailxkb@test.com
 Enter value : +359123456789
 Enter value : 1234
 Enter value : 1234
 Enter value : CompanyTestmkl
 Enter value : address1_myx
 Enter value : address2_uwi
 Enter value : Sofia
 Enter value : 1111
t3_CheckoutItem_Without_VAT is Passed]]>
  </system-out>
</testsuite> <!-- ShoppingTests.TESTS_ShoppingCartInlcudingNO_VAT -->
