<?xml version="1.0" encoding="UTF-8"?>
<!-- Generated by org.testng.reporters.JUnitReportReporter -->
<testsuite hostname="NUV-5CG1152V3W" failures="0" tests="1" name="ShoppingTests.ContinueShopping" time="14.452" errors="0" timestamp="2023-01-25T21:20:00 EET" skipped="0">
  <testcase classname="ShoppingTests.ContinueShopping" name="CheckoutItem_With_VAT" time="14.452"/>
  <system-out>
    <![CDATA[Successfully opened url 'https://ecommerce-playground.lambdatest.io/index.php?route=common/home'
 Enter value : HTC Touch HD
Page title  is Verified]]>
  </system-out>
</testsuite> <!-- ShoppingTests.ContinueShopping -->
