<?xml version="1.0" encoding="UTF-8"?>
<!-- Generated by org.testng.reporters.JUnitReportReporter -->
<testsuite hostname="NUV-5CG1152V3W" failures="0" tests="2" name="ShoppingTests.TESTS_HomePageDP" time="10.003" errors="0" timestamp="2023-05-31T16:59:26 EEST" skipped="0">
  <testcase classname="ShoppingTests.TESTS_HomePageDP" name="t3_search_ProductInTheSearchFieldAndVerifyResults" time="7.655"/>
  <system-out>
    <![CDATA[Successfully opened url 'https://ecommerce-playground.lambdatest.io/index.php?route=common/home'
 Enter value : Palm Treo Pro]]>
  </system-out>
  <testcase classname="ShoppingTests.TESTS_HomePageDP" name="t3_search_ProductInTheSearchFieldAndVerifyResults" time="2.348"/>
  <system-out>
    <![CDATA[Successfully opened url 'https://ecommerce-playground.lambdatest.io/index.php?route=common/home'
 Enter value : HTC Touch HD]]>
  </system-out>
</testsuite> <!-- ShoppingTests.TESTS_HomePageDP -->
