<?xml version="1.0" encoding="UTF-8"?>
<!-- Generated by org.testng.reporters.JUnitReportReporter -->
<testsuite hostname="NUV-5CG1152V3W" failures="1" tests="6" name="ShoppingTests.DifferentCalculations" time="115.625" errors="0" timestamp="2023-06-12T18:02:41 EEST" skipped="0">
  <testcase classname="ShoppingTests.DifferentCalculations" name="t1_calculationsWithVAT_Country" time="18.874"/>
  <system-out>
    <![CDATA[Starting test method:t1_calculationsWithVAT_Country
Successfully opened url 'https://ecommerce-playground.lambdatest.io/index.php?route=common/home'
 Enter value : Iphone
Successfully click on element 
 Enter value : testFNkwhtm
 Enter value : testLNonwkl
 Enter value : testEmailczxwb@mm.com
 Enter value : +359123456789
 Enter value : CompanyTestawa
 Enter value : address1_ynhqr
 Enter value : address1_ynhqr
 Enter value : 1111
 Enter value : Kent
Successfully click on element   --- Please Select ---
 Aaland Islands
 Afghanistan
 Albania
 Algeria
 American Samoa
 Andorra
 Angola
 Anguilla
 Antarctica
 Antigua and Barbuda
 Argentina
 Armenia
 Aruba
 Ascension Island (British)
 Australia
 Austria
 Azerbaijan
 Bahamas
 Bahrain
 Bangladesh
 Barbados
 Belarus
 Belgium
 Belize
 Benin
 Bermuda
 Bhutan
 Bolivia
 Bonaire, Sint Eustatius and Saba
 Bosnia and Herzegovina
 Botswana
 Bouvet Island
 Brazil
 British Indian Ocean Territory
 Brunei Darussalam
 Bulgaria
 Burkina Faso
 Burundi
 Cambodia
 Cameroon
 Canada
 Canary Islands
 Cape Verde
 Cayman Islands
 Central African Republic
 Chad
 Chile
 China
 Christmas Island
 Cocos (Keeling) Islands
 Colombia
 Comoros
 Congo
 Cook Islands
 Costa Rica
 Cote D'Ivoire
 Croatia
 Cuba
 Curacao
 Cyprus
 Czech Republic
 Democratic Republic of Congo
 Denmark
 Djibouti
 Dominica
 Dominican Republic
 East Timor
 Ecuador
 Egypt
 El Salvador
 Equatorial Guinea
 Eritrea
 Estonia
 Ethiopia
 Falkland Islands (Malvinas)
 Faroe Islands
 Fiji
 Finland
 France, Metropolitan
 French Guiana
 French Polynesia
 French Southern Territories
 FYROM
 Gabon
 Gambia
 Georgia
 Germany
 Ghana
 Gibraltar
 Greece
 Greenland
 Grenada
 Guadeloupe
 Guam
 Guatemala
 Guernsey
 Guinea
 Guinea-Bissau
 Guyana
 Haiti
 Heard and Mc Donald Islands
 Honduras
 Hong Kong
 Hungary
 Iceland
 India
 Indonesia
 Iran (Islamic Republic of)
 Iraq
 Ireland
 Isle of Man
 Israel
 Italy
 Jamaica
 Japan
 Jersey
 Jordan
 Kazakhstan
 Kenya
 Kiribati
 Kosovo, Republic of
 Kuwait
 Kyrgyzstan
 Lao People's Democratic Republic
 Latvia
 Lebanon
 Lesotho
 Liberia
 Libyan Arab Jamahiriya
 Liechtenstein
 Lithuania
 Luxembourg
 Macau
 Madagascar
 Malawi
 Malaysia
 Maldives
 Mali
 Malta
 Marshall Islands
 Martinique
 Mauritania
 Mauritius
 Mayotte
 Mexico
 Micronesia, Federated States of
 Moldova, Republic of
 Monaco
 Mongolia
 Montenegro
 Montserrat
 Morocco
 Mozambique
 Myanmar
 Namibia
 Nauru
 Nepal
 Netherlands
 Netherlands Antilles
 New Caledonia
 New Zealand
 Nicaragua
 Niger
 Nigeria
 Niue
 Norfolk Island
 North Korea
 Northern Mariana Islands
 Norway
 Oman
 Pakistan
 Palau
 Palestinian Territory, Occupied
 Panama
 Papua New Guinea
 Paraguay
 Peru
 Philippines
 Pitcairn
 Poland
 Portugal
 Puerto Rico
 Qatar
 Reunion
 Romania
 Russian Federation
 Rwanda
 Saint Kitts and Nevis
 Saint Lucia
 Saint Vincent and the Grenadines
 Samoa
 San Marino
 Sao Tome and Principe
 Saudi Arabia
 Senegal
 Serbia
 Seychelles
 Sierra Leone
 Singapore
 Slovak Republic
 Slovenia
 Solomon Islands
 Somalia
 South Africa
 South Georgia & South Sandwich Islands
 South Korea
 South Sudan
 Spain
 Sri Lanka
 St. Barthelemy
 St. Helena
 St. Martin (French part)
 St. Pierre and Miquelon
 Sudan
 Suriname
 Svalbard and Jan Mayen Islands
 Swaziland
 Sweden
 Switzerland
 Syrian Arab Republic
 Taiwan
 Tajikistan
 Tanzania, United Republic of
 Thailand
 Togo
 Tokelau
 Tonga
 Trinidad and Tobago
 Tristan da Cunha
 Tunisia
 Turkey
 Turkmenistan
 Turks and Caicos Islands
 Tuvalu
 Uganda
 Ukraine
 United Arab Emirates
 United Kingdom
 United States
 United States Minor Outlying Islands
 Uruguay
 Uzbekistan
 Vanuatu
 Vatican City State (Holy See)
 Venezuela
 Viet Nam
 Virgin Islands (British)
 Virgin Islands (U.S.)
 Wallis and Futuna Islands
 Western Sahara
 Yemen
 Zambia
 Zimbabwe
 
Successfully click on element United Kingdom
Successfully click on element --- Please Select ---
Aberdeen
Aberdeenshire
Anglesey
Angus
Argyll and Bute
Bedfordshire
Berkshire
Blaenau Gwent
Bridgend
Bristol
Buckinghamshire
Caerphilly
Cambridgeshire
Cardiff
Carmarthenshire
Ceredigion
Cheshire
Clackmannanshire
Conwy
Cornwall
County Antrim
County Armagh
County Down
County Fermanagh
County Londonderry
County Tyrone
Cumbria
Denbighshire
Derbyshire
Devon
Dorset
Dumfries and Galloway
Dundee
Durham
East Ayrshire
East Dunbartonshire
East Lothian
East Renfrewshire
East Riding of Yorkshire
East Sussex
Edinburgh
Essex
Falkirk
Fife
Flintshire
Glasgow
Gloucestershire
Greater London
Greater Manchester
Gwynedd
Hampshire
Herefordshire
Hertfordshire
Highlands
Inverclyde
Isle of Wight
Kent
Lancashire
Leicestershire
Lincolnshire
Merseyside
Merthyr Tydfil
Midlothian
Monmouthshire
Moray
Neath Port Talbot
Newport
Norfolk
North Ayrshire
North Lanarkshire
North Yorkshire
Northamptonshire
Northumberland
Nottinghamshire
Orkney Islands
Oxfordshire
Pembrokeshire
Perth and Kinross
Powys
Renfrewshire
Rhondda Cynon Taff
Rutland
Scottish Borders
Shetland Islands
Shropshire
Somerset
South Ayrshire
South Lanarkshire
South Yorkshire
Staffordshire
Stirling
Suffolk
Surrey
Swansea
Torfaen
Tyne and Wear
Vale of Glamorgan
Warwickshire
West Dunbartonshire
West Lothian
West Midlands
West Sussex
West Yorkshire
Western Isles
Wiltshire
Worcestershire
Wrexham
Successfully click on element Kent
Successfully click on element 
Successfully click on element 
Successfully click on element 
t1_calculationsWithVAT_Country is Passed]]>
  </system-out>
  <testcase classname="ShoppingTests.DifferentCalculations" name="t3_FacadeRegisteredAccountNoVAT" time="18.987"/>
  <system-out>
    <![CDATA[Starting test method:t3_FacadeRegisteredAccountNoVAT
Successfully opened url 'https://ecommerce-playground.lambdatest.io/index.php?route=common/home'
 Enter value : Iphone
Successfully click on element 
 Enter value : testFNwwfui
 Enter value : testLNfdubh
 Enter value : testEmailfhxlw@mm.com
 Enter value : +359123456789
 Enter value : 1234
 Enter value : 1234
 Enter value : CompanyTesteii
 Enter value : address1_symsc
 Enter value : address1_symsc
 Enter value : 1111
 Enter value : Sofia
Successfully click on element   --- Please Select ---
 Aaland Islands
 Afghanistan
 Albania
 Algeria
 American Samoa
 Andorra
 Angola
 Anguilla
 Antarctica
 Antigua and Barbuda
 Argentina
 Armenia
 Aruba
 Ascension Island (British)
 Australia
 Austria
 Azerbaijan
 Bahamas
 Bahrain
 Bangladesh
 Barbados
 Belarus
 Belgium
 Belize
 Benin
 Bermuda
 Bhutan
 Bolivia
 Bonaire, Sint Eustatius and Saba
 Bosnia and Herzegovina
 Botswana
 Bouvet Island
 Brazil
 British Indian Ocean Territory
 Brunei Darussalam
 Bulgaria
 Burkina Faso
 Burundi
 Cambodia
 Cameroon
 Canada
 Canary Islands
 Cape Verde
 Cayman Islands
 Central African Republic
 Chad
 Chile
 China
 Christmas Island
 Cocos (Keeling) Islands
 Colombia
 Comoros
 Congo
 Cook Islands
 Costa Rica
 Cote D'Ivoire
 Croatia
 Cuba
 Curacao
 Cyprus
 Czech Republic
 Democratic Republic of Congo
 Denmark
 Djibouti
 Dominica
 Dominican Republic
 East Timor
 Ecuador
 Egypt
 El Salvador
 Equatorial Guinea
 Eritrea
 Estonia
 Ethiopia
 Falkland Islands (Malvinas)
 Faroe Islands
 Fiji
 Finland
 France, Metropolitan
 French Guiana
 French Polynesia
 French Southern Territories
 FYROM
 Gabon
 Gambia
 Georgia
 Germany
 Ghana
 Gibraltar
 Greece
 Greenland
 Grenada
 Guadeloupe
 Guam
 Guatemala
 Guernsey
 Guinea
 Guinea-Bissau
 Guyana
 Haiti
 Heard and Mc Donald Islands
 Honduras
 Hong Kong
 Hungary
 Iceland
 India
 Indonesia
 Iran (Islamic Republic of)
 Iraq
 Ireland
 Isle of Man
 Israel
 Italy
 Jamaica
 Japan
 Jersey
 Jordan
 Kazakhstan
 Kenya
 Kiribati
 Kosovo, Republic of
 Kuwait
 Kyrgyzstan
 Lao People's Democratic Republic
 Latvia
 Lebanon
 Lesotho
 Liberia
 Libyan Arab Jamahiriya
 Liechtenstein
 Lithuania
 Luxembourg
 Macau
 Madagascar
 Malawi
 Malaysia
 Maldives
 Mali
 Malta
 Marshall Islands
 Martinique
 Mauritania
 Mauritius
 Mayotte
 Mexico
 Micronesia, Federated States of
 Moldova, Republic of
 Monaco
 Mongolia
 Montenegro
 Montserrat
 Morocco
 Mozambique
 Myanmar
 Namibia
 Nauru
 Nepal
 Netherlands
 Netherlands Antilles
 New Caledonia
 New Zealand
 Nicaragua
 Niger
 Nigeria
 Niue
 Norfolk Island
 North Korea
 Northern Mariana Islands
 Norway
 Oman
 Pakistan
 Palau
 Palestinian Territory, Occupied
 Panama
 Papua New Guinea
 Paraguay
 Peru
 Philippines
 Pitcairn
 Poland
 Portugal
 Puerto Rico
 Qatar
 Reunion
 Romania
 Russian Federation
 Rwanda
 Saint Kitts and Nevis
 Saint Lucia
 Saint Vincent and the Grenadines
 Samoa
 San Marino
 Sao Tome and Principe
 Saudi Arabia
 Senegal
 Serbia
 Seychelles
 Sierra Leone
 Singapore
 Slovak Republic
 Slovenia
 Solomon Islands
 Somalia
 South Africa
 South Georgia & South Sandwich Islands
 South Korea
 South Sudan
 Spain
 Sri Lanka
 St. Barthelemy
 St. Helena
 St. Martin (French part)
 St. Pierre and Miquelon
 Sudan
 Suriname
 Svalbard and Jan Mayen Islands
 Swaziland
 Sweden
 Switzerland
 Syrian Arab Republic
 Taiwan
 Tajikistan
 Tanzania, United Republic of
 Thailand
 Togo
 Tokelau
 Tonga
 Trinidad and Tobago
 Tristan da Cunha
 Tunisia
 Turkey
 Turkmenistan
 Turks and Caicos Islands
 Tuvalu
 Uganda
 Ukraine
 United Arab Emirates
 United Kingdom
 United States
 United States Minor Outlying Islands
 Uruguay
 Uzbekistan
 Vanuatu
 Vatican City State (Holy See)
 Venezuela
 Viet Nam
 Virgin Islands (British)
 Virgin Islands (U.S.)
 Wallis and Futuna Islands
 Western Sahara
 Yemen
 Zambia
 Zimbabwe
 
Successfully click on element Bulgaria
Successfully click on element --- Please Select ---
Blagoevgrad
Burgas
Dobrich
Gabrovo
Haskovo
Kardjali
Kyustendil
Lovech
Montana
Pazardjik
Pernik
Pleven
Plovdiv
Razgrad
Ruse
Shumen
Silistra
Sliven
Smolyan
Sofia
Sofia - town
Stara Zagora
Targovishte
Varna
Veliko Tarnovo
Vidin
Vratza
Yambol
Successfully click on element Sofia
Successfully click on element 
Successfully click on element 
Successfully click on element 
t3_FacadeRegisteredAccountNoVAT is Passed]]>
  </system-out>
  <testcase classname="ShoppingTests.DifferentCalculations" name="t4_FacadeGuestAccountShippingAddress" time="20.709">
    <failure message="expected [101.0] but found [123.2]" type="java.lang.AssertionError">
      <![CDATA[java.lang.AssertionError: expected [101.0] but found [123.2]
at org.testng.Assert.fail(Assert.java:99)
at org.testng.Assert.failNotEquals(Assert.java:1037)
at org.testng.Assert.assertEquals(Assert.java:701)
at org.testng.Assert.assertEquals(Assert.java:712)
at Pages.FascadePage.assertionsNoVat(FascadePage.java:211)
at ShoppingTests.DifferentCalculations.t4_FacadeGuestAccountShippingAddress(DifferentCalculations.java:333)
at java.base/jdk.internal.reflect.NativeMethodAccessorImpl.invoke0(Native Method)
at java.base/jdk.internal.reflect.NativeMethodAccessorImpl.invoke(NativeMethodAccessorImpl.java:77)
at java.base/jdk.internal.reflect.DelegatingMethodAccessorImpl.invoke(DelegatingMethodAccessorImpl.java:43)
at java.base/java.lang.reflect.Method.invoke(Method.java:568)
at org.testng.internal.MethodInvocationHelper.invokeMethod(MethodInvocationHelper.java:133)
at org.testng.internal.TestInvoker.invokeMethod(TestInvoker.java:598)
at org.testng.internal.TestInvoker.invokeTestMethod(TestInvoker.java:173)
at org.testng.internal.MethodRunner.runInSequence(MethodRunner.java:46)
at org.testng.internal.TestInvoker$MethodInvocationAgent.invoke(TestInvoker.java:824)
at org.testng.internal.TestInvoker.invokeTestMethods(TestInvoker.java:146)
at org.testng.internal.TestMethodWorker.invokeTestMethods(TestMethodWorker.java:146)
at org.testng.internal.TestMethodWorker.run(TestMethodWorker.java:128)
at java.base/java.util.ArrayList.forEach(ArrayList.java:1511)
at org.testng.TestRunner.privateRun(TestRunner.java:794)
at org.testng.TestRunner.run(TestRunner.java:596)
at org.testng.SuiteRunner.runTest(SuiteRunner.java:377)
at org.testng.SuiteRunner.runSequentially(SuiteRunner.java:371)
at org.testng.SuiteRunner.privateRun(SuiteRunner.java:332)
at org.testng.SuiteRunner.run(SuiteRunner.java:276)
at org.testng.SuiteRunnerWorker.runSuite(SuiteRunnerWorker.java:53)
at org.testng.SuiteRunnerWorker.run(SuiteRunnerWorker.java:96)
at org.testng.TestNG.runSuitesSequentially(TestNG.java:1212)
at org.testng.TestNG.runSuitesLocally(TestNG.java:1134)
at org.testng.TestNG.runSuites(TestNG.java:1063)
at org.testng.TestNG.run(TestNG.java:1031)
at org.testng.remote.AbstractRemoteTestNG.run(AbstractRemoteTestNG.java:115)
at org.testng.remote.RemoteTestNG.initAndRun(RemoteTestNG.java:251)
at org.testng.remote.RemoteTestNG.main(RemoteTestNG.java:77)
]]>
    </failure>
  </testcase> <!-- t4_FacadeGuestAccountShippingAddress -->
  <system-out>
    <![CDATA[Starting test method:t4_FacadeGuestAccountShippingAddress
Successfully opened url 'https://ecommerce-playground.lambdatest.io/index.php?route=common/home'
 Enter value : Iphone
Successfully click on element 
 Enter value : testFNajfio
 Enter value : testLNarrku
 Enter value : testEmailrjtph@mm.com
 Enter value : +359123456789
 Enter value : CompanyTestlbx
 Enter value : address1_abzdp
 Enter value : address1_abzdp
 Enter value : 1111
 Enter value : Sofia
Successfully click on element   --- Please Select ---
 Aaland Islands
 Afghanistan
 Albania
 Algeria
 American Samoa
 Andorra
 Angola
 Anguilla
 Antarctica
 Antigua and Barbuda
 Argentina
 Armenia
 Aruba
 Ascension Island (British)
 Australia
 Austria
 Azerbaijan
 Bahamas
 Bahrain
 Bangladesh
 Barbados
 Belarus
 Belgium
 Belize
 Benin
 Bermuda
 Bhutan
 Bolivia
 Bonaire, Sint Eustatius and Saba
 Bosnia and Herzegovina
 Botswana
 Bouvet Island
 Brazil
 British Indian Ocean Territory
 Brunei Darussalam
 Bulgaria
 Burkina Faso
 Burundi
 Cambodia
 Cameroon
 Canada
 Canary Islands
 Cape Verde
 Cayman Islands
 Central African Republic
 Chad
 Chile
 China
 Christmas Island
 Cocos (Keeling) Islands
 Colombia
 Comoros
 Congo
 Cook Islands
 Costa Rica
 Cote D'Ivoire
 Croatia
 Cuba
 Curacao
 Cyprus
 Czech Republic
 Democratic Republic of Congo
 Denmark
 Djibouti
 Dominica
 Dominican Republic
 East Timor
 Ecuador
 Egypt
 El Salvador
 Equatorial Guinea
 Eritrea
 Estonia
 Ethiopia
 Falkland Islands (Malvinas)
 Faroe Islands
 Fiji
 Finland
 France, Metropolitan
 French Guiana
 French Polynesia
 French Southern Territories
 FYROM
 Gabon
 Gambia
 Georgia
 Germany
 Ghana
 Gibraltar
 Greece
 Greenland
 Grenada
 Guadeloupe
 Guam
 Guatemala
 Guernsey
 Guinea
 Guinea-Bissau
 Guyana
 Haiti
 Heard and Mc Donald Islands
 Honduras
 Hong Kong
 Hungary
 Iceland
 India
 Indonesia
 Iran (Islamic Republic of)
 Iraq
 Ireland
 Isle of Man
 Israel
 Italy
 Jamaica
 Japan
 Jersey
 Jordan
 Kazakhstan
 Kenya
 Kiribati
 Kosovo, Republic of
 Kuwait
 Kyrgyzstan
 Lao People's Democratic Republic
 Latvia
 Lebanon
 Lesotho
 Liberia
 Libyan Arab Jamahiriya
 Liechtenstein
 Lithuania
 Luxembourg
 Macau
 Madagascar
 Malawi
 Malaysia
 Maldives
 Mali
 Malta
 Marshall Islands
 Martinique
 Mauritania
 Mauritius
 Mayotte
 Mexico
 Micronesia, Federated States of
 Moldova, Republic of
 Monaco
 Mongolia
 Montenegro
 Montserrat
 Morocco
 Mozambique
 Myanmar
 Namibia
 Nauru
 Nepal
 Netherlands
 Netherlands Antilles
 New Caledonia
 New Zealand
 Nicaragua
 Niger
 Nigeria
 Niue
 Norfolk Island
 North Korea
 Northern Mariana Islands
 Norway
 Oman
 Pakistan
 Palau
 Palestinian Territory, Occupied
 Panama
 Papua New Guinea
 Paraguay
 Peru
 Philippines
 Pitcairn
 Poland
 Portugal
 Puerto Rico
 Qatar
 Reunion
 Romania
 Russian Federation
 Rwanda
 Saint Kitts and Nevis
 Saint Lucia
 Saint Vincent and the Grenadines
 Samoa
 San Marino
 Sao Tome and Principe
 Saudi Arabia
 Senegal
 Serbia
 Seychelles
 Sierra Leone
 Singapore
 Slovak Republic
 Slovenia
 Solomon Islands
 Somalia
 South Africa
 South Georgia & South Sandwich Islands
 South Korea
 South Sudan
 Spain
 Sri Lanka
 St. Barthelemy
 St. Helena
 St. Martin (French part)
 St. Pierre and Miquelon
 Sudan
 Suriname
 Svalbard and Jan Mayen Islands
 Swaziland
 Sweden
 Switzerland
 Syrian Arab Republic
 Taiwan
 Tajikistan
 Tanzania, United Republic of
 Thailand
 Togo
 Tokelau
 Tonga
 Trinidad and Tobago
 Tristan da Cunha
 Tunisia
 Turkey
 Turkmenistan
 Turks and Caicos Islands
 Tuvalu
 Uganda
 Ukraine
 United Arab Emirates
 United Kingdom
 United States
 United States Minor Outlying Islands
 Uruguay
 Uzbekistan
 Vanuatu
 Vatican City State (Holy See)
 Venezuela
 Viet Nam
 Virgin Islands (British)
 Virgin Islands (U.S.)
 Wallis and Futuna Islands
 Western Sahara
 Yemen
 Zambia
 Zimbabwe
 
Successfully click on element Bulgaria
Successfully click on element --- Please Select ---
Blagoevgrad
Burgas
Dobrich
Gabrovo
Haskovo
Kardjali
Kyustendil
Lovech
Montana
Pazardjik
Pernik
Pleven
Plovdiv
Razgrad
Ruse
Shumen
Silistra
Sliven
Smolyan
Sofia
Sofia - town
Stara Zagora
Targovishte
Varna
Veliko Tarnovo
Vidin
Vratza
Yambol
Successfully click on element Sofia
 Enter value : testFNftrhy
 Enter value : testLNfojjh
 Enter value : CompanyTestrjz
 Enter value : address1_mpdxm
 Enter value : address2_xyjyo
 Enter value : Sofia
 Enter value : 1111
Successfully click on element   --- Please Select ---
 Aaland Islands
 Afghanistan
 Albania
 Algeria
 American Samoa
 Andorra
 Angola
 Anguilla
 Antarctica
 Antigua and Barbuda
 Argentina
 Armenia
 Aruba
 Ascension Island (British)
 Australia
 Austria
 Azerbaijan
 Bahamas
 Bahrain
 Bangladesh
 Barbados
 Belarus
 Belgium
 Belize
 Benin
 Bermuda
 Bhutan
 Bolivia
 Bonaire, Sint Eustatius and Saba
 Bosnia and Herzegovina
 Botswana
 Bouvet Island
 Brazil
 British Indian Ocean Territory
 Brunei Darussalam
 Bulgaria
 Burkina Faso
 Burundi
 Cambodia
 Cameroon
 Canada
 Canary Islands
 Cape Verde
 Cayman Islands
 Central African Republic
 Chad
 Chile
 China
 Christmas Island
 Cocos (Keeling) Islands
 Colombia
 Comoros
 Congo
 Cook Islands
 Costa Rica
 Cote D'Ivoire
 Croatia
 Cuba
 Curacao
 Cyprus
 Czech Republic
 Democratic Republic of Congo
 Denmark
 Djibouti
 Dominica
 Dominican Republic
 East Timor
 Ecuador
 Egypt
 El Salvador
 Equatorial Guinea
 Eritrea
 Estonia
 Ethiopia
 Falkland Islands (Malvinas)
 Faroe Islands
 Fiji
 Finland
 France, Metropolitan
 French Guiana
 French Polynesia
 French Southern Territories
 FYROM
 Gabon
 Gambia
 Georgia
 Germany
 Ghana
 Gibraltar
 Greece
 Greenland
 Grenada
 Guadeloupe
 Guam
 Guatemala
 Guernsey
 Guinea
 Guinea-Bissau
 Guyana
 Haiti
 Heard and Mc Donald Islands
 Honduras
 Hong Kong
 Hungary
 Iceland
 India
 Indonesia
 Iran (Islamic Republic of)
 Iraq
 Ireland
 Isle of Man
 Israel
 Italy
 Jamaica
 Japan
 Jersey
 Jordan
 Kazakhstan
 Kenya
 Kiribati
 Kosovo, Republic of
 Kuwait
 Kyrgyzstan
 Lao People's Democratic Republic
 Latvia
 Lebanon
 Lesotho
 Liberia
 Libyan Arab Jamahiriya
 Liechtenstein
 Lithuania
 Luxembourg
 Macau
 Madagascar
 Malawi
 Malaysia
 Maldives
 Mali
 Malta
 Marshall Islands
 Martinique
 Mauritania
 Mauritius
 Mayotte
 Mexico
 Micronesia, Federated States of
 Moldova, Republic of
 Monaco
 Mongolia
 Montenegro
 Montserrat
 Morocco
 Mozambique
 Myanmar
 Namibia
 Nauru
 Nepal
 Netherlands
 Netherlands Antilles
 New Caledonia
 New Zealand
 Nicaragua
 Niger
 Nigeria
 Niue
 Norfolk Island
 North Korea
 Northern Mariana Islands
 Norway
 Oman
 Pakistan
 Palau
 Palestinian Territory, Occupied
 Panama
 Papua New Guinea
 Paraguay
 Peru
 Philippines
 Pitcairn
 Poland
 Portugal
 Puerto Rico
 Qatar
 Reunion
 Romania
 Russian Federation
 Rwanda
 Saint Kitts and Nevis
 Saint Lucia
 Saint Vincent and the Grenadines
 Samoa
 San Marino
 Sao Tome and Principe
 Saudi Arabia
 Senegal
 Serbia
 Seychelles
 Sierra Leone
 Singapore
 Slovak Republic
 Slovenia
 Solomon Islands
 Somalia
 South Africa
 South Georgia & South Sandwich Islands
 South Korea
 South Sudan
 Spain
 Sri Lanka
 St. Barthelemy
 St. Helena
 St. Martin (French part)
 St. Pierre and Miquelon
 Sudan
 Suriname
 Svalbard and Jan Mayen Islands
 Swaziland
 Sweden
 Switzerland
 Syrian Arab Republic
 Taiwan
 Tajikistan
 Tanzania, United Republic of
 Thailand
 Togo
 Tokelau
 Tonga
 Trinidad and Tobago
 Tristan da Cunha
 Tunisia
 Turkey
 Turkmenistan
 Turks and Caicos Islands
 Tuvalu
 Uganda
 Ukraine
 United Arab Emirates
 United Kingdom
 United States
 United States Minor Outlying Islands
 Uruguay
 Uzbekistan
 Vanuatu
 Vatican City State (Holy See)
 Venezuela
 Viet Nam
 Virgin Islands (British)
 Virgin Islands (U.S.)
 Wallis and Futuna Islands
 Western Sahara
 Yemen
 Zambia
 Zimbabwe
 
Successfully click on element Bulgaria
Successfully click on element --- Please Select ---
Aberdeen
Aberdeenshire
Anglesey
Angus
Argyll and Bute
Bedfordshire
Berkshire
Blaenau Gwent
Bridgend
Bristol
Buckinghamshire
Caerphilly
Cambridgeshire
Cardiff
Carmarthenshire
Ceredigion
Cheshire
Clackmannanshire
Conwy
Cornwall
County Antrim
County Armagh
County Down
County Fermanagh
County Londonderry
County Tyrone
Cumbria
Denbighshire
Derbyshire
Devon
Dorset
Dumfries and Galloway
Dundee
Durham
East Ayrshire
East Dunbartonshire
East Lothian
East Renfrewshire
East Riding of Yorkshire
East Sussex
Edinburgh
Essex
Falkirk
Fife
Flintshire
Glasgow
Gloucestershire
Greater London
Greater Manchester
Gwynedd
Hampshire
Herefordshire
Hertfordshire
Highlands
Inverclyde
Isle of Wight
Kent
Lancashire
Leicestershire
Lincolnshire
Merseyside
Merthyr Tydfil
Midlothian
Monmouthshire
Moray
Neath Port Talbot
Newport
Norfolk
North Ayrshire
North Lanarkshire
North Yorkshire
Northamptonshire
Northumberland
Nottinghamshire
Orkney Islands
Oxfordshire
Pembrokeshire
Perth and Kinross
Powys
Renfrewshire
Rhondda Cynon Taff
Rutland
Scottish Borders
Shetland Islands
Shropshire
Somerset
South Ayrshire
South Lanarkshire
South Yorkshire
Staffordshire
Stirling
Suffolk
Surrey
Swansea
Torfaen
Tyne and Wear
Vale of Glamorgan
Warwickshire
West Dunbartonshire
West Lothian
West Midlands
West Sussex
West Yorkshire
Western Isles
Wiltshire
Worcestershire
Wrexham
Successfully click on element Sofia
Successfully click on element 
Successfully click on element 
t4_FacadeGuestAccountShippingAddress is Failed
Click to see Screenshot
<a href=C:\Users\PlamenTanev\git\LamdaTestRefact\Shopping\screenshots\Mon_Jun_12_18_01_45_EEST_2023.png></a>
<br>  <img src='C:\Users\PlamenTanev\git\LamdaTestRefact\Shopping\screenshots\Mon_Jun_12_18_01_45_EEST_2023.png' height='200' width='200' /><br>
<a target="_blank" href=C:\Users\PlamenTanev\git\LamdaTestRefact\Shopping\screenshots\Mon_Jun_12_18_01_45_EEST_2023.png>Screenshot</a>
<a href=C:\Users\PlamenTanev\git\LamdaTestRefact\Shopping\screenshots\Mon_Jun_12_18_01_45_EEST_2023.png></a>
<br>  <img src='C:\Users\PlamenTanev\git\LamdaTestRefact\Shopping\screenshots\Mon_Jun_12_18_01_45_EEST_2023.png' height='200' width='200' /><br>]]>
  </system-out>
  <testcase classname="ShoppingTests.DifferentCalculations" name="t2_calculationsWithoutVAT_Country" time="19.027"/>
  <system-out>
    <![CDATA[Starting test method:t2_calculationsWithoutVAT_Country
Successfully opened url 'https://ecommerce-playground.lambdatest.io/index.php?route=common/home'
 Enter value : Iphone
Successfully click on element 
 Enter value : testFNcmphu
 Enter value : testLNocndu
 Enter value : testEmailxixas@mm.com
 Enter value : +359123456789
 Enter value : CompanyTestkvm
 Enter value : address1_ytofr
 Enter value : address1_ytofr
 Enter value : 1111
 Enter value : Sofia
Successfully click on element   --- Please Select ---
 Aaland Islands
 Afghanistan
 Albania
 Algeria
 American Samoa
 Andorra
 Angola
 Anguilla
 Antarctica
 Antigua and Barbuda
 Argentina
 Armenia
 Aruba
 Ascension Island (British)
 Australia
 Austria
 Azerbaijan
 Bahamas
 Bahrain
 Bangladesh
 Barbados
 Belarus
 Belgium
 Belize
 Benin
 Bermuda
 Bhutan
 Bolivia
 Bonaire, Sint Eustatius and Saba
 Bosnia and Herzegovina
 Botswana
 Bouvet Island
 Brazil
 British Indian Ocean Territory
 Brunei Darussalam
 Bulgaria
 Burkina Faso
 Burundi
 Cambodia
 Cameroon
 Canada
 Canary Islands
 Cape Verde
 Cayman Islands
 Central African Republic
 Chad
 Chile
 China
 Christmas Island
 Cocos (Keeling) Islands
 Colombia
 Comoros
 Congo
 Cook Islands
 Costa Rica
 Cote D'Ivoire
 Croatia
 Cuba
 Curacao
 Cyprus
 Czech Republic
 Democratic Republic of Congo
 Denmark
 Djibouti
 Dominica
 Dominican Republic
 East Timor
 Ecuador
 Egypt
 El Salvador
 Equatorial Guinea
 Eritrea
 Estonia
 Ethiopia
 Falkland Islands (Malvinas)
 Faroe Islands
 Fiji
 Finland
 France, Metropolitan
 French Guiana
 French Polynesia
 French Southern Territories
 FYROM
 Gabon
 Gambia
 Georgia
 Germany
 Ghana
 Gibraltar
 Greece
 Greenland
 Grenada
 Guadeloupe
 Guam
 Guatemala
 Guernsey
 Guinea
 Guinea-Bissau
 Guyana
 Haiti
 Heard and Mc Donald Islands
 Honduras
 Hong Kong
 Hungary
 Iceland
 India
 Indonesia
 Iran (Islamic Republic of)
 Iraq
 Ireland
 Isle of Man
 Israel
 Italy
 Jamaica
 Japan
 Jersey
 Jordan
 Kazakhstan
 Kenya
 Kiribati
 Kosovo, Republic of
 Kuwait
 Kyrgyzstan
 Lao People's Democratic Republic
 Latvia
 Lebanon
 Lesotho
 Liberia
 Libyan Arab Jamahiriya
 Liechtenstein
 Lithuania
 Luxembourg
 Macau
 Madagascar
 Malawi
 Malaysia
 Maldives
 Mali
 Malta
 Marshall Islands
 Martinique
 Mauritania
 Mauritius
 Mayotte
 Mexico
 Micronesia, Federated States of
 Moldova, Republic of
 Monaco
 Mongolia
 Montenegro
 Montserrat
 Morocco
 Mozambique
 Myanmar
 Namibia
 Nauru
 Nepal
 Netherlands
 Netherlands Antilles
 New Caledonia
 New Zealand
 Nicaragua
 Niger
 Nigeria
 Niue
 Norfolk Island
 North Korea
 Northern Mariana Islands
 Norway
 Oman
 Pakistan
 Palau
 Palestinian Territory, Occupied
 Panama
 Papua New Guinea
 Paraguay
 Peru
 Philippines
 Pitcairn
 Poland
 Portugal
 Puerto Rico
 Qatar
 Reunion
 Romania
 Russian Federation
 Rwanda
 Saint Kitts and Nevis
 Saint Lucia
 Saint Vincent and the Grenadines
 Samoa
 San Marino
 Sao Tome and Principe
 Saudi Arabia
 Senegal
 Serbia
 Seychelles
 Sierra Leone
 Singapore
 Slovak Republic
 Slovenia
 Solomon Islands
 Somalia
 South Africa
 South Georgia & South Sandwich Islands
 South Korea
 South Sudan
 Spain
 Sri Lanka
 St. Barthelemy
 St. Helena
 St. Martin (French part)
 St. Pierre and Miquelon
 Sudan
 Suriname
 Svalbard and Jan Mayen Islands
 Swaziland
 Sweden
 Switzerland
 Syrian Arab Republic
 Taiwan
 Tajikistan
 Tanzania, United Republic of
 Thailand
 Togo
 Tokelau
 Tonga
 Trinidad and Tobago
 Tristan da Cunha
 Tunisia
 Turkey
 Turkmenistan
 Turks and Caicos Islands
 Tuvalu
 Uganda
 Ukraine
 United Arab Emirates
 United Kingdom
 United States
 United States Minor Outlying Islands
 Uruguay
 Uzbekistan
 Vanuatu
 Vatican City State (Holy See)
 Venezuela
 Viet Nam
 Virgin Islands (British)
 Virgin Islands (U.S.)
 Wallis and Futuna Islands
 Western Sahara
 Yemen
 Zambia
 Zimbabwe
 
Successfully click on element Bulgaria
Successfully click on element --- Please Select ---
Blagoevgrad
Burgas
Dobrich
Gabrovo
Haskovo
Kardjali
Kyustendil
Lovech
Montana
Pazardjik
Pernik
Pleven
Plovdiv
Razgrad
Ruse
Shumen
Silistra
Sliven
Smolyan
Sofia
Sofia - town
Stara Zagora
Targovishte
Varna
Veliko Tarnovo
Vidin
Vratza
Yambol
Successfully click on element Sofia
Successfully click on element 
Successfully click on element 
Successfully click on element 
t2_calculationsWithoutVAT_Country is Passed]]>
  </system-out>
  <testcase classname="ShoppingTests.DifferentCalculations" name="t5_FacadeGuestAccountShippingAddressWithVAT" time="18.987"/>
  <system-out>
    <![CDATA[Starting test method:t5_FacadeGuestAccountShippingAddressWithVAT
Successfully opened url 'https://ecommerce-playground.lambdatest.io/index.php?route=common/home'
 Enter value : Iphone
Successfully click on element 
 Enter value : testFNtxnei
 Enter value : testLNgaazc
 Enter value : testEmailgmtnl@mm.com
 Enter value : +359123456789
 Enter value : CompanyTestoky
 Enter value : address1_ugoiy
 Enter value : address1_ugoiy
 Enter value : 1111
 Enter value : Kent
Successfully click on element   --- Please Select ---
 Aaland Islands
 Afghanistan
 Albania
 Algeria
 American Samoa
 Andorra
 Angola
 Anguilla
 Antarctica
 Antigua and Barbuda
 Argentina
 Armenia
 Aruba
 Ascension Island (British)
 Australia
 Austria
 Azerbaijan
 Bahamas
 Bahrain
 Bangladesh
 Barbados
 Belarus
 Belgium
 Belize
 Benin
 Bermuda
 Bhutan
 Bolivia
 Bonaire, Sint Eustatius and Saba
 Bosnia and Herzegovina
 Botswana
 Bouvet Island
 Brazil
 British Indian Ocean Territory
 Brunei Darussalam
 Bulgaria
 Burkina Faso
 Burundi
 Cambodia
 Cameroon
 Canada
 Canary Islands
 Cape Verde
 Cayman Islands
 Central African Republic
 Chad
 Chile
 China
 Christmas Island
 Cocos (Keeling) Islands
 Colombia
 Comoros
 Congo
 Cook Islands
 Costa Rica
 Cote D'Ivoire
 Croatia
 Cuba
 Curacao
 Cyprus
 Czech Republic
 Democratic Republic of Congo
 Denmark
 Djibouti
 Dominica
 Dominican Republic
 East Timor
 Ecuador
 Egypt
 El Salvador
 Equatorial Guinea
 Eritrea
 Estonia
 Ethiopia
 Falkland Islands (Malvinas)
 Faroe Islands
 Fiji
 Finland
 France, Metropolitan
 French Guiana
 French Polynesia
 French Southern Territories
 FYROM
 Gabon
 Gambia
 Georgia
 Germany
 Ghana
 Gibraltar
 Greece
 Greenland
 Grenada
 Guadeloupe
 Guam
 Guatemala
 Guernsey
 Guinea
 Guinea-Bissau
 Guyana
 Haiti
 Heard and Mc Donald Islands
 Honduras
 Hong Kong
 Hungary
 Iceland
 India
 Indonesia
 Iran (Islamic Republic of)
 Iraq
 Ireland
 Isle of Man
 Israel
 Italy
 Jamaica
 Japan
 Jersey
 Jordan
 Kazakhstan
 Kenya
 Kiribati
 Kosovo, Republic of
 Kuwait
 Kyrgyzstan
 Lao People's Democratic Republic
 Latvia
 Lebanon
 Lesotho
 Liberia
 Libyan Arab Jamahiriya
 Liechtenstein
 Lithuania
 Luxembourg
 Macau
 Madagascar
 Malawi
 Malaysia
 Maldives
 Mali
 Malta
 Marshall Islands
 Martinique
 Mauritania
 Mauritius
 Mayotte
 Mexico
 Micronesia, Federated States of
 Moldova, Republic of
 Monaco
 Mongolia
 Montenegro
 Montserrat
 Morocco
 Mozambique
 Myanmar
 Namibia
 Nauru
 Nepal
 Netherlands
 Netherlands Antilles
 New Caledonia
 New Zealand
 Nicaragua
 Niger
 Nigeria
 Niue
 Norfolk Island
 North Korea
 Northern Mariana Islands
 Norway
 Oman
 Pakistan
 Palau
 Palestinian Territory, Occupied
 Panama
 Papua New Guinea
 Paraguay
 Peru
 Philippines
 Pitcairn
 Poland
 Portugal
 Puerto Rico
 Qatar
 Reunion
 Romania
 Russian Federation
 Rwanda
 Saint Kitts and Nevis
 Saint Lucia
 Saint Vincent and the Grenadines
 Samoa
 San Marino
 Sao Tome and Principe
 Saudi Arabia
 Senegal
 Serbia
 Seychelles
 Sierra Leone
 Singapore
 Slovak Republic
 Slovenia
 Solomon Islands
 Somalia
 South Africa
 South Georgia & South Sandwich Islands
 South Korea
 South Sudan
 Spain
 Sri Lanka
 St. Barthelemy
 St. Helena
 St. Martin (French part)
 St. Pierre and Miquelon
 Sudan
 Suriname
 Svalbard and Jan Mayen Islands
 Swaziland
 Sweden
 Switzerland
 Syrian Arab Republic
 Taiwan
 Tajikistan
 Tanzania, United Republic of
 Thailand
 Togo
 Tokelau
 Tonga
 Trinidad and Tobago
 Tristan da Cunha
 Tunisia
 Turkey
 Turkmenistan
 Turks and Caicos Islands
 Tuvalu
 Uganda
 Ukraine
 United Arab Emirates
 United Kingdom
 United States
 United States Minor Outlying Islands
 Uruguay
 Uzbekistan
 Vanuatu
 Vatican City State (Holy See)
 Venezuela
 Viet Nam
 Virgin Islands (British)
 Virgin Islands (U.S.)
 Wallis and Futuna Islands
 Western Sahara
 Yemen
 Zambia
 Zimbabwe
 
Successfully click on element United Kingdom
Successfully click on element --- Please Select ---
Aberdeen
Aberdeenshire
Anglesey
Angus
Argyll and Bute
Bedfordshire
Berkshire
Blaenau Gwent
Bridgend
Bristol
Buckinghamshire
Caerphilly
Cambridgeshire
Cardiff
Carmarthenshire
Ceredigion
Cheshire
Clackmannanshire
Conwy
Cornwall
County Antrim
County Armagh
County Down
County Fermanagh
County Londonderry
County Tyrone
Cumbria
Denbighshire
Derbyshire
Devon
Dorset
Dumfries and Galloway
Dundee
Durham
East Ayrshire
East Dunbartonshire
East Lothian
East Renfrewshire
East Riding of Yorkshire
East Sussex
Edinburgh
Essex
Falkirk
Fife
Flintshire
Glasgow
Gloucestershire
Greater London
Greater Manchester
Gwynedd
Hampshire
Herefordshire
Hertfordshire
Highlands
Inverclyde
Isle of Wight
Kent
Lancashire
Leicestershire
Lincolnshire
Merseyside
Merthyr Tydfil
Midlothian
Monmouthshire
Moray
Neath Port Talbot
Newport
Norfolk
North Ayrshire
North Lanarkshire
North Yorkshire
Northamptonshire
Northumberland
Nottinghamshire
Orkney Islands
Oxfordshire
Pembrokeshire
Perth and Kinross
Powys
Renfrewshire
Rhondda Cynon Taff
Rutland
Scottish Borders
Shetland Islands
Shropshire
Somerset
South Ayrshire
South Lanarkshire
South Yorkshire
Staffordshire
Stirling
Suffolk
Surrey
Swansea
Torfaen
Tyne and Wear
Vale of Glamorgan
Warwickshire
West Dunbartonshire
West Lothian
West Midlands
West Sussex
West Yorkshire
Western Isles
Wiltshire
Worcestershire
Wrexham
Successfully click on element Kent
Successfully click on element 
Successfully click on element 
Successfully click on element 
t5_FacadeGuestAccountShippingAddressWithVAT is Passed]]>
  </system-out>
  <testcase classname="ShoppingTests.DifferentCalculations" name="t4_FacadeGuestAccount" time="19.041"/>
  <system-out>
    <![CDATA[Starting test method:t4_FacadeGuestAccount
Successfully opened url 'https://ecommerce-playground.lambdatest.io/index.php?route=common/home'
 Enter value : Iphone
Successfully click on element 
 Enter value : testFNmivsn
 Enter value : testLNlgejx
 Enter value : testEmailprtks@mm.com
 Enter value : +359123456789
 Enter value : CompanyTestgfk
 Enter value : address1_hcend
 Enter value : address1_hcend
 Enter value : 1111
 Enter value : Sofia
Successfully click on element   --- Please Select ---
 Aaland Islands
 Afghanistan
 Albania
 Algeria
 American Samoa
 Andorra
 Angola
 Anguilla
 Antarctica
 Antigua and Barbuda
 Argentina
 Armenia
 Aruba
 Ascension Island (British)
 Australia
 Austria
 Azerbaijan
 Bahamas
 Bahrain
 Bangladesh
 Barbados
 Belarus
 Belgium
 Belize
 Benin
 Bermuda
 Bhutan
 Bolivia
 Bonaire, Sint Eustatius and Saba
 Bosnia and Herzegovina
 Botswana
 Bouvet Island
 Brazil
 British Indian Ocean Territory
 Brunei Darussalam
 Bulgaria
 Burkina Faso
 Burundi
 Cambodia
 Cameroon
 Canada
 Canary Islands
 Cape Verde
 Cayman Islands
 Central African Republic
 Chad
 Chile
 China
 Christmas Island
 Cocos (Keeling) Islands
 Colombia
 Comoros
 Congo
 Cook Islands
 Costa Rica
 Cote D'Ivoire
 Croatia
 Cuba
 Curacao
 Cyprus
 Czech Republic
 Democratic Republic of Congo
 Denmark
 Djibouti
 Dominica
 Dominican Republic
 East Timor
 Ecuador
 Egypt
 El Salvador
 Equatorial Guinea
 Eritrea
 Estonia
 Ethiopia
 Falkland Islands (Malvinas)
 Faroe Islands
 Fiji
 Finland
 France, Metropolitan
 French Guiana
 French Polynesia
 French Southern Territories
 FYROM
 Gabon
 Gambia
 Georgia
 Germany
 Ghana
 Gibraltar
 Greece
 Greenland
 Grenada
 Guadeloupe
 Guam
 Guatemala
 Guernsey
 Guinea
 Guinea-Bissau
 Guyana
 Haiti
 Heard and Mc Donald Islands
 Honduras
 Hong Kong
 Hungary
 Iceland
 India
 Indonesia
 Iran (Islamic Republic of)
 Iraq
 Ireland
 Isle of Man
 Israel
 Italy
 Jamaica
 Japan
 Jersey
 Jordan
 Kazakhstan
 Kenya
 Kiribati
 Kosovo, Republic of
 Kuwait
 Kyrgyzstan
 Lao People's Democratic Republic
 Latvia
 Lebanon
 Lesotho
 Liberia
 Libyan Arab Jamahiriya
 Liechtenstein
 Lithuania
 Luxembourg
 Macau
 Madagascar
 Malawi
 Malaysia
 Maldives
 Mali
 Malta
 Marshall Islands
 Martinique
 Mauritania
 Mauritius
 Mayotte
 Mexico
 Micronesia, Federated States of
 Moldova, Republic of
 Monaco
 Mongolia
 Montenegro
 Montserrat
 Morocco
 Mozambique
 Myanmar
 Namibia
 Nauru
 Nepal
 Netherlands
 Netherlands Antilles
 New Caledonia
 New Zealand
 Nicaragua
 Niger
 Nigeria
 Niue
 Norfolk Island
 North Korea
 Northern Mariana Islands
 Norway
 Oman
 Pakistan
 Palau
 Palestinian Territory, Occupied
 Panama
 Papua New Guinea
 Paraguay
 Peru
 Philippines
 Pitcairn
 Poland
 Portugal
 Puerto Rico
 Qatar
 Reunion
 Romania
 Russian Federation
 Rwanda
 Saint Kitts and Nevis
 Saint Lucia
 Saint Vincent and the Grenadines
 Samoa
 San Marino
 Sao Tome and Principe
 Saudi Arabia
 Senegal
 Serbia
 Seychelles
 Sierra Leone
 Singapore
 Slovak Republic
 Slovenia
 Solomon Islands
 Somalia
 South Africa
 South Georgia & South Sandwich Islands
 South Korea
 South Sudan
 Spain
 Sri Lanka
 St. Barthelemy
 St. Helena
 St. Martin (French part)
 St. Pierre and Miquelon
 Sudan
 Suriname
 Svalbard and Jan Mayen Islands
 Swaziland
 Sweden
 Switzerland
 Syrian Arab Republic
 Taiwan
 Tajikistan
 Tanzania, United Republic of
 Thailand
 Togo
 Tokelau
 Tonga
 Trinidad and Tobago
 Tristan da Cunha
 Tunisia
 Turkey
 Turkmenistan
 Turks and Caicos Islands
 Tuvalu
 Uganda
 Ukraine
 United Arab Emirates
 United Kingdom
 United States
 United States Minor Outlying Islands
 Uruguay
 Uzbekistan
 Vanuatu
 Vatican City State (Holy See)
 Venezuela
 Viet Nam
 Virgin Islands (British)
 Virgin Islands (U.S.)
 Wallis and Futuna Islands
 Western Sahara
 Yemen
 Zambia
 Zimbabwe
 
Successfully click on element Bulgaria
Successfully click on element --- Please Select ---
Blagoevgrad
Burgas
Dobrich
Gabrovo
Haskovo
Kardjali
Kyustendil
Lovech
Montana
Pazardjik
Pernik
Pleven
Plovdiv
Razgrad
Ruse
Shumen
Silistra
Sliven
Smolyan
Sofia
Sofia - town
Stara Zagora
Targovishte
Varna
Veliko Tarnovo
Vidin
Vratza
Yambol
Successfully click on element Sofia
Successfully click on element 
Successfully click on element 
Successfully click on element 
t4_FacadeGuestAccount is Passed]]>
  </system-out>
</testsuite> <!-- ShoppingTests.DifferentCalculations -->
