<?xml version="1.0" encoding="UTF-8"?>
<!-- Generated by org.testng.reporters.JUnitReportReporter -->
<testsuite hostname="LAPTOP-DELL" failures="0" tests="1" name="ShoppingTests.TestDemo" time="6.410" errors="0" timestamp="2023-01-28T18:50:06 EET" skipped="0">
  <testcase classname="ShoppingTests.TestDemo" name="t3" time="6.410"/>
  <system-out>
    <![CDATA[Successfully opened url 'https://ecommerce-playground.lambdatest.io/index.php?route=common/home'
 Enter value : HTC Touch HD
Successfully click on element ]]>
  </system-out>
</testsuite> <!-- ShoppingTests.TestDemo -->
