<?xml version="1.0" encoding="UTF-8"?>
<!-- Generated by org.testng.reporters.JUnitReportReporter -->
<testsuite hostname="LAPTOP-DELL" failures="0" tests="1" name="ShoppingTests.TESTS_ContinueShopping" time="7.965" errors="0" timestamp="2023-01-30T23:08:42 EET" skipped="0">
  <testcase classname="ShoppingTests.TESTS_ContinueShopping" name="CheckoutItem_With_VAT" time="7.965"/>
  <system-out>
    <![CDATA[Starting test method:CheckoutItem_With_VAT
Successfully opened url 'https://ecommerce-playground.lambdatest.io/index.php?route=common/home'
 Enter value : HTC Touch HD
Successfully click on element 
Page title  is Verified
CheckoutItem_With_VAT is Passed]]>
  </system-out>
</testsuite> <!-- ShoppingTests.TESTS_ContinueShopping -->
