<?xml version="1.0" encoding="UTF-8"?>
<!-- Generated by org.testng.reporters.JUnitReportReporter -->
<testsuite hostname="NUV-5CG1152V3W" failures="0" tests="4" name="ShoppingTests.TESTS_HomePageCSV" time="5.000" errors="0" timestamp="2023-05-29T15:25:16 EEST" skipped="0">
  <testcase classname="ShoppingTests.TESTS_HomePageCSV" name="t2_csvTest" time="1.507"/>
  <system-out>
    <![CDATA[Starting test method:t2_csvTest
Successfully opened url 'https://ecommerce-playground.lambdatest.io/index.php?route=common/home'
 Enter value : Palm Treo Pro
t2_csvTest is Passed]]>
  </system-out>
  <testcase classname="ShoppingTests.TESTS_HomePageCSV" name="dbg" time="0.002"/>
  <system-out>
    <![CDATA[Starting test method:dbg
dbg is Passed]]>
  </system-out>
  <testcase classname="ShoppingTests.TESTS_HomePageCSV" name="dbg" time="0.001"/>
  <system-out>
    <![CDATA[Starting test method:dbg
dbg is Passed]]>
  </system-out>
  <testcase classname="ShoppingTests.TESTS_HomePageCSV" name="t2_csvTest" time="3.490"/>
  <system-out>
    <![CDATA[Starting test method:t2_csvTest
Successfully opened url 'https://ecommerce-playground.lambdatest.io/index.php?route=common/home'
 Enter value : HTC Touch HD
t2_csvTest is Passed]]>
  </system-out>
</testsuite> <!-- ShoppingTests.TESTS_HomePageCSV -->
