<?xml version="1.0" encoding="UTF-8"?>
<!-- Generated by org.testng.reporters.JUnitReportReporter -->
<testsuite hostname="NUV-5CG1152V3W" failures="0" tests="5" name="ShoppingTests.DifferentCalculations" time="63.070" errors="0" timestamp="2023-06-16T11:36:08 EEST" skipped="1">
  <testcase classname="ShoppingTests.DifferentCalculations" name="t1_calculations_VAT_YES_RegisteredAccount" time="19.097"/>
  <system-out>
    <![CDATA[Successfully opened url 'https://ecommerce-playground.lambdatest.io/index.php?route=common/home'
 Enter value : Iphone
Successfully click on element 
 Enter value : Palmer
 Enter value : Will
 Enter value : randell.botsford@gmail.com
 Enter value : 0371 494 9415
 Enter value : Schowalter-Hintz
 Enter value : 2257 John Roads, Jacquetown, OK BN3P 8BE
 Enter value : 2257 John Roads, Jacquetown, OK BN3P 8BE
 Enter value : NE89 1LA
 Enter value : Kent
Successfully click on element   --- Please Select ---
 Aaland Islands
 Afghanistan
 Albania
 Algeria
 American Samoa
 Andorra
 Angola
 Anguilla
 Antarctica
 Antigua and Barbuda
 Argentina
 Armenia
 Aruba
 Ascension Island (British)
 Australia
 Austria
 Azerbaijan
 Bahamas
 Bahrain
 Bangladesh
 Barbados
 Belarus
 Belgium
 Belize
 Benin
 Bermuda
 Bhutan
 Bolivia
 Bonaire, Sint Eustatius and Saba
 Bosnia and Herzegovina
 Botswana
 Bouvet Island
 Brazil
 British Indian Ocean Territory
 Brunei Darussalam
 Bulgaria
 Burkina Faso
 Burundi
 Cambodia
 Cameroon
 Canada
 Canary Islands
 Cape Verde
 Cayman Islands
 Central African Republic
 Chad
 Chile
 China
 Christmas Island
 Cocos (Keeling) Islands
 Colombia
 Comoros
 Congo
 Cook Islands
 Costa Rica
 Cote D'Ivoire
 Croatia
 Cuba
 Curacao
 Cyprus
 Czech Republic
 Democratic Republic of Congo
 Denmark
 Djibouti
 Dominica
 Dominican Republic
 East Timor
 Ecuador
 Egypt
 El Salvador
 Equatorial Guinea
 Eritrea
 Estonia
 Ethiopia
 Falkland Islands (Malvinas)
 Faroe Islands
 Fiji
 Finland
 France, Metropolitan
 French Guiana
 French Polynesia
 French Southern Territories
 FYROM
 Gabon
 Gambia
 Georgia
 Germany
 Ghana
 Gibraltar
 Greece
 Greenland
 Grenada
 Guadeloupe
 Guam
 Guatemala
 Guernsey
 Guinea
 Guinea-Bissau
 Guyana
 Haiti
 Heard and Mc Donald Islands
 Honduras
 Hong Kong
 Hungary
 Iceland
 India
 Indonesia
 Iran (Islamic Republic of)
 Iraq
 Ireland
 Isle of Man
 Israel
 Italy
 Jamaica
 Japan
 Jersey
 Jordan
 Kazakhstan
 Kenya
 Kiribati
 Kosovo, Republic of
 Kuwait
 Kyrgyzstan
 Lao People's Democratic Republic
 Latvia
 Lebanon
 Lesotho
 Liberia
 Libyan Arab Jamahiriya
 Liechtenstein
 Lithuania
 Luxembourg
 Macau
 Madagascar
 Malawi
 Malaysia
 Maldives
 Mali
 Malta
 Marshall Islands
 Martinique
 Mauritania
 Mauritius
 Mayotte
 Mexico
 Micronesia, Federated States of
 Moldova, Republic of
 Monaco
 Mongolia
 Montenegro
 Montserrat
 Morocco
 Mozambique
 Myanmar
 Namibia
 Nauru
 Nepal
 Netherlands
 Netherlands Antilles
 New Caledonia
 New Zealand
 Nicaragua
 Niger
 Nigeria
 Niue
 Norfolk Island
 North Korea
 Northern Mariana Islands
 Norway
 Oman
 Pakistan
 Palau
 Palestinian Territory, Occupied
 Panama
 Papua New Guinea
 Paraguay
 Peru
 Philippines
 Pitcairn
 Poland
 Portugal
 Puerto Rico
 Qatar
 Reunion
 Romania
 Russian Federation
 Rwanda
 Saint Kitts and Nevis
 Saint Lucia
 Saint Vincent and the Grenadines
 Samoa
 San Marino
 Sao Tome and Principe
 Saudi Arabia
 Senegal
 Serbia
 Seychelles
 Sierra Leone
 Singapore
 Slovak Republic
 Slovenia
 Solomon Islands
 Somalia
 South Africa
 South Georgia & South Sandwich Islands
 South Korea
 South Sudan
 Spain
 Sri Lanka
 St. Barthelemy
 St. Helena
 St. Martin (French part)
 St. Pierre and Miquelon
 Sudan
 Suriname
 Svalbard and Jan Mayen Islands
 Swaziland
 Sweden
 Switzerland
 Syrian Arab Republic
 Taiwan
 Tajikistan
 Tanzania, United Republic of
 Thailand
 Togo
 Tokelau
 Tonga
 Trinidad and Tobago
 Tristan da Cunha
 Tunisia
 Turkey
 Turkmenistan
 Turks and Caicos Islands
 Tuvalu
 Uganda
 Ukraine
 United Arab Emirates
 United Kingdom
 United States
 United States Minor Outlying Islands
 Uruguay
 Uzbekistan
 Vanuatu
 Vatican City State (Holy See)
 Venezuela
 Viet Nam
 Virgin Islands (British)
 Virgin Islands (U.S.)
 Wallis and Futuna Islands
 Western Sahara
 Yemen
 Zambia
 Zimbabwe
 
Successfully click on element United Kingdom
Successfully click on element --- Please Select ---
Aberdeen
Aberdeenshire
Anglesey
Angus
Argyll and Bute
Bedfordshire
Berkshire
Blaenau Gwent
Bridgend
Bristol
Buckinghamshire
Caerphilly
Cambridgeshire
Cardiff
Carmarthenshire
Ceredigion
Cheshire
Clackmannanshire
Conwy
Cornwall
County Antrim
County Armagh
County Down
County Fermanagh
County Londonderry
County Tyrone
Cumbria
Denbighshire
Derbyshire
Devon
Dorset
Dumfries and Galloway
Dundee
Durham
East Ayrshire
East Dunbartonshire
East Lothian
East Renfrewshire
East Riding of Yorkshire
East Sussex
Edinburgh
Essex
Falkirk
Fife
Flintshire
Glasgow
Gloucestershire
Greater London
Greater Manchester
Gwynedd
Hampshire
Herefordshire
Hertfordshire
Highlands
Inverclyde
Isle of Wight
Kent
Lancashire
Leicestershire
Lincolnshire
Merseyside
Merthyr Tydfil
Midlothian
Monmouthshire
Moray
Neath Port Talbot
Newport
Norfolk
North Ayrshire
North Lanarkshire
North Yorkshire
Northamptonshire
Northumberland
Nottinghamshire
Orkney Islands
Oxfordshire
Pembrokeshire
Perth and Kinross
Powys
Renfrewshire
Rhondda Cynon Taff
Rutland
Scottish Borders
Shetland Islands
Shropshire
Somerset
South Ayrshire
South Lanarkshire
South Yorkshire
Staffordshire
Stirling
Suffolk
Surrey
Swansea
Torfaen
Tyne and Wear
Vale of Glamorgan
Warwickshire
West Dunbartonshire
West Lothian
West Midlands
West Sussex
West Yorkshire
Western Isles
Wiltshire
Worcestershire
Wrexham
Successfully click on element Kent
Successfully click on element 
Successfully click on element ]]>
  </system-out>
  <testcase classname="ShoppingTests.DifferentCalculations" name="t3_facadeRegisteredAccountNoVAT" time="15.009"/>
  <system-out>
    <![CDATA[Successfully opened url 'https://ecommerce-playground.lambdatest.io/index.php?route=common/home'
Successfully opened url 'https://ecommerce-playground.lambdatest.io/index.php?route=common/home'
 Enter value : Iphone
Successfully click on element 
 Enter value : Ronald
 Enter value : Corkery
 Enter value : ike.treutel@hotmail.com
 Enter value : 055 9734 4262
 Enter value : 1234
 Enter value : 1234
 Enter value : Watsica, McDermott and Nienow
 Enter value : 8766 Milton Circles, Ornberg, FL O68 0LN
 Enter value : 8766 Milton Circles, Ornberg, FL O68 0LN
 Enter value : E3U 3YH
 Enter value : Sofia
Successfully click on element   --- Please Select ---
 Aaland Islands
 Afghanistan
 Albania
 Algeria
 American Samoa
 Andorra
 Angola
 Anguilla
 Antarctica
 Antigua and Barbuda
 Argentina
 Armenia
 Aruba
 Ascension Island (British)
 Australia
 Austria
 Azerbaijan
 Bahamas
 Bahrain
 Bangladesh
 Barbados
 Belarus
 Belgium
 Belize
 Benin
 Bermuda
 Bhutan
 Bolivia
 Bonaire, Sint Eustatius and Saba
 Bosnia and Herzegovina
 Botswana
 Bouvet Island
 Brazil
 British Indian Ocean Territory
 Brunei Darussalam
 Bulgaria
 Burkina Faso
 Burundi
 Cambodia
 Cameroon
 Canada
 Canary Islands
 Cape Verde
 Cayman Islands
 Central African Republic
 Chad
 Chile
 China
 Christmas Island
 Cocos (Keeling) Islands
 Colombia
 Comoros
 Congo
 Cook Islands
 Costa Rica
 Cote D'Ivoire
 Croatia
 Cuba
 Curacao
 Cyprus
 Czech Republic
 Democratic Republic of Congo
 Denmark
 Djibouti
 Dominica
 Dominican Republic
 East Timor
 Ecuador
 Egypt
 El Salvador
 Equatorial Guinea
 Eritrea
 Estonia
 Ethiopia
 Falkland Islands (Malvinas)
 Faroe Islands
 Fiji
 Finland
 France, Metropolitan
 French Guiana
 French Polynesia
 French Southern Territories
 FYROM
 Gabon
 Gambia
 Georgia
 Germany
 Ghana
 Gibraltar
 Greece
 Greenland
 Grenada
 Guadeloupe
 Guam
 Guatemala
 Guernsey
 Guinea
 Guinea-Bissau
 Guyana
 Haiti
 Heard and Mc Donald Islands
 Honduras
 Hong Kong
 Hungary
 Iceland
 India
 Indonesia
 Iran (Islamic Republic of)
 Iraq
 Ireland
 Isle of Man
 Israel
 Italy
 Jamaica
 Japan
 Jersey
 Jordan
 Kazakhstan
 Kenya
 Kiribati
 Kosovo, Republic of
 Kuwait
 Kyrgyzstan
 Lao People's Democratic Republic
 Latvia
 Lebanon
 Lesotho
 Liberia
 Libyan Arab Jamahiriya
 Liechtenstein
 Lithuania
 Luxembourg
 Macau
 Madagascar
 Malawi
 Malaysia
 Maldives
 Mali
 Malta
 Marshall Islands
 Martinique
 Mauritania
 Mauritius
 Mayotte
 Mexico
 Micronesia, Federated States of
 Moldova, Republic of
 Monaco
 Mongolia
 Montenegro
 Montserrat
 Morocco
 Mozambique
 Myanmar
 Namibia
 Nauru
 Nepal
 Netherlands
 Netherlands Antilles
 New Caledonia
 New Zealand
 Nicaragua
 Niger
 Nigeria
 Niue
 Norfolk Island
 North Korea
 Northern Mariana Islands
 Norway
 Oman
 Pakistan
 Palau
 Palestinian Territory, Occupied
 Panama
 Papua New Guinea
 Paraguay
 Peru
 Philippines
 Pitcairn
 Poland
 Portugal
 Puerto Rico
 Qatar
 Reunion
 Romania
 Russian Federation
 Rwanda
 Saint Kitts and Nevis
 Saint Lucia
 Saint Vincent and the Grenadines
 Samoa
 San Marino
 Sao Tome and Principe
 Saudi Arabia
 Senegal
 Serbia
 Seychelles
 Sierra Leone
 Singapore
 Slovak Republic
 Slovenia
 Solomon Islands
 Somalia
 South Africa
 South Georgia & South Sandwich Islands
 South Korea
 South Sudan
 Spain
 Sri Lanka
 St. Barthelemy
 St. Helena
 St. Martin (French part)
 St. Pierre and Miquelon
 Sudan
 Suriname
 Svalbard and Jan Mayen Islands
 Swaziland
 Sweden
 Switzerland
 Syrian Arab Republic
 Taiwan
 Tajikistan
 Tanzania, United Republic of
 Thailand
 Togo
 Tokelau
 Tonga
 Trinidad and Tobago
 Tristan da Cunha
 Tunisia
 Turkey
 Turkmenistan
 Turks and Caicos Islands
 Tuvalu
 Uganda
 Ukraine
 United Arab Emirates
 United Kingdom
 United States
 United States Minor Outlying Islands
 Uruguay
 Uzbekistan
 Vanuatu
 Vatican City State (Holy See)
 Venezuela
 Viet Nam
 Virgin Islands (British)
 Virgin Islands (U.S.)
 Wallis and Futuna Islands
 Western Sahara
 Yemen
 Zambia
 Zimbabwe
 
Successfully click on element Bulgaria
Successfully click on element --- Please Select ---
Blagoevgrad
Burgas
Dobrich
Gabrovo
Haskovo
Kardjali
Kyustendil
Lovech
Montana
Pazardjik
Pernik
Pleven
Plovdiv
Razgrad
Ruse
Shumen
Silistra
Sliven
Smolyan
Sofia
Sofia - town
Stara Zagora
Targovishte
Varna
Veliko Tarnovo
Vidin
Vratza
Yambol
Successfully click on element Sofia
Successfully click on element 
Successfully click on element ]]>
  </system-out>
  <testcase classname="ShoppingTests.DifferentCalculations" name="t2_calculationsNO_VAT_RegisteredAccount" time="13.158"/>
  <system-out>
    <![CDATA[Successfully opened url 'https://ecommerce-playground.lambdatest.io/index.php?route=common/home'
 Enter value : Iphone
Successfully click on element 
 Enter value : Alex
 Enter value : Moore
 Enter value : caren.schoen@yahoo.com
 Enter value : 01669 342669
 Enter value : VonRueden-Boyle
 Enter value : Suite 507 741 Coleman Course, Leandroview, NM YE3B 7DN
 Enter value : Suite 507 741 Coleman Course, Leandroview, NM YE3B 7DN
 Enter value : KL6A 2BU
 Enter value : Sofia
Successfully click on element   --- Please Select ---
 Aaland Islands
 Afghanistan
 Albania
 Algeria
 American Samoa
 Andorra
 Angola
 Anguilla
 Antarctica
 Antigua and Barbuda
 Argentina
 Armenia
 Aruba
 Ascension Island (British)
 Australia
 Austria
 Azerbaijan
 Bahamas
 Bahrain
 Bangladesh
 Barbados
 Belarus
 Belgium
 Belize
 Benin
 Bermuda
 Bhutan
 Bolivia
 Bonaire, Sint Eustatius and Saba
 Bosnia and Herzegovina
 Botswana
 Bouvet Island
 Brazil
 British Indian Ocean Territory
 Brunei Darussalam
 Bulgaria
 Burkina Faso
 Burundi
 Cambodia
 Cameroon
 Canada
 Canary Islands
 Cape Verde
 Cayman Islands
 Central African Republic
 Chad
 Chile
 China
 Christmas Island
 Cocos (Keeling) Islands
 Colombia
 Comoros
 Congo
 Cook Islands
 Costa Rica
 Cote D'Ivoire
 Croatia
 Cuba
 Curacao
 Cyprus
 Czech Republic
 Democratic Republic of Congo
 Denmark
 Djibouti
 Dominica
 Dominican Republic
 East Timor
 Ecuador
 Egypt
 El Salvador
 Equatorial Guinea
 Eritrea
 Estonia
 Ethiopia
 Falkland Islands (Malvinas)
 Faroe Islands
 Fiji
 Finland
 France, Metropolitan
 French Guiana
 French Polynesia
 French Southern Territories
 FYROM
 Gabon
 Gambia
 Georgia
 Germany
 Ghana
 Gibraltar
 Greece
 Greenland
 Grenada
 Guadeloupe
 Guam
 Guatemala
 Guernsey
 Guinea
 Guinea-Bissau
 Guyana
 Haiti
 Heard and Mc Donald Islands
 Honduras
 Hong Kong
 Hungary
 Iceland
 India
 Indonesia
 Iran (Islamic Republic of)
 Iraq
 Ireland
 Isle of Man
 Israel
 Italy
 Jamaica
 Japan
 Jersey
 Jordan
 Kazakhstan
 Kenya
 Kiribati
 Kosovo, Republic of
 Kuwait
 Kyrgyzstan
 Lao People's Democratic Republic
 Latvia
 Lebanon
 Lesotho
 Liberia
 Libyan Arab Jamahiriya
 Liechtenstein
 Lithuania
 Luxembourg
 Macau
 Madagascar
 Malawi
 Malaysia
 Maldives
 Mali
 Malta
 Marshall Islands
 Martinique
 Mauritania
 Mauritius
 Mayotte
 Mexico
 Micronesia, Federated States of
 Moldova, Republic of
 Monaco
 Mongolia
 Montenegro
 Montserrat
 Morocco
 Mozambique
 Myanmar
 Namibia
 Nauru
 Nepal
 Netherlands
 Netherlands Antilles
 New Caledonia
 New Zealand
 Nicaragua
 Niger
 Nigeria
 Niue
 Norfolk Island
 North Korea
 Northern Mariana Islands
 Norway
 Oman
 Pakistan
 Palau
 Palestinian Territory, Occupied
 Panama
 Papua New Guinea
 Paraguay
 Peru
 Philippines
 Pitcairn
 Poland
 Portugal
 Puerto Rico
 Qatar
 Reunion
 Romania
 Russian Federation
 Rwanda
 Saint Kitts and Nevis
 Saint Lucia
 Saint Vincent and the Grenadines
 Samoa
 San Marino
 Sao Tome and Principe
 Saudi Arabia
 Senegal
 Serbia
 Seychelles
 Sierra Leone
 Singapore
 Slovak Republic
 Slovenia
 Solomon Islands
 Somalia
 South Africa
 South Georgia & South Sandwich Islands
 South Korea
 South Sudan
 Spain
 Sri Lanka
 St. Barthelemy
 St. Helena
 St. Martin (French part)
 St. Pierre and Miquelon
 Sudan
 Suriname
 Svalbard and Jan Mayen Islands
 Swaziland
 Sweden
 Switzerland
 Syrian Arab Republic
 Taiwan
 Tajikistan
 Tanzania, United Republic of
 Thailand
 Togo
 Tokelau
 Tonga
 Trinidad and Tobago
 Tristan da Cunha
 Tunisia
 Turkey
 Turkmenistan
 Turks and Caicos Islands
 Tuvalu
 Uganda
 Ukraine
 United Arab Emirates
 United Kingdom
 United States
 United States Minor Outlying Islands
 Uruguay
 Uzbekistan
 Vanuatu
 Vatican City State (Holy See)
 Venezuela
 Viet Nam
 Virgin Islands (British)
 Virgin Islands (U.S.)
 Wallis and Futuna Islands
 Western Sahara
 Yemen
 Zambia
 Zimbabwe
 
Successfully click on element Bulgaria
Successfully click on element --- Please Select ---
Blagoevgrad
Burgas
Dobrich
Gabrovo
Haskovo
Kardjali
Kyustendil
Lovech
Montana
Pazardjik
Pernik
Pleven
Plovdiv
Razgrad
Ruse
Shumen
Silistra
Sliven
Smolyan
Sofia
Sofia - town
Stara Zagora
Targovishte
Varna
Veliko Tarnovo
Vidin
Vratza
Yambol
Successfully click on element Sofia
Successfully click on element 
Successfully click on element ]]>
  </system-out>
  <testcase classname="ShoppingTests.DifferentCalculations" name="t4_fascadeCalculations_VAT_NO_GuestAccount" time="15.806"/>
  <system-out>
    <![CDATA[Successfully opened url 'https://ecommerce-playground.lambdatest.io/index.php?route=common/home'
Successfully opened url 'https://ecommerce-playground.lambdatest.io/index.php?route=common/home'
 Enter value : Iphone
Successfully click on element 
 Enter value : Franklin
 Enter value : Corkery
 Enter value : rudolf.mills@hotmail.com
 Enter value : 056 1935 2873
 Enter value : Ankunding-O'Connell
 Enter value : 28975 Ledner Rapids, East Kevinburgh, SC M8H 4JJ
 Enter value : 28975 Ledner Rapids, East Kevinburgh, SC M8H 4JJ
 Enter value : WQ7B 1JX
 Enter value : Sofia
Successfully click on element   --- Please Select ---
 Aaland Islands
 Afghanistan
 Albania
 Algeria
 American Samoa
 Andorra
 Angola
 Anguilla
 Antarctica
 Antigua and Barbuda
 Argentina
 Armenia
 Aruba
 Ascension Island (British)
 Australia
 Austria
 Azerbaijan
 Bahamas
 Bahrain
 Bangladesh
 Barbados
 Belarus
 Belgium
 Belize
 Benin
 Bermuda
 Bhutan
 Bolivia
 Bonaire, Sint Eustatius and Saba
 Bosnia and Herzegovina
 Botswana
 Bouvet Island
 Brazil
 British Indian Ocean Territory
 Brunei Darussalam
 Bulgaria
 Burkina Faso
 Burundi
 Cambodia
 Cameroon
 Canada
 Canary Islands
 Cape Verde
 Cayman Islands
 Central African Republic
 Chad
 Chile
 China
 Christmas Island
 Cocos (Keeling) Islands
 Colombia
 Comoros
 Congo
 Cook Islands
 Costa Rica
 Cote D'Ivoire
 Croatia
 Cuba
 Curacao
 Cyprus
 Czech Republic
 Democratic Republic of Congo
 Denmark
 Djibouti
 Dominica
 Dominican Republic
 East Timor
 Ecuador
 Egypt
 El Salvador
 Equatorial Guinea
 Eritrea
 Estonia
 Ethiopia
 Falkland Islands (Malvinas)
 Faroe Islands
 Fiji
 Finland
 France, Metropolitan
 French Guiana
 French Polynesia
 French Southern Territories
 FYROM
 Gabon
 Gambia
 Georgia
 Germany
 Ghana
 Gibraltar
 Greece
 Greenland
 Grenada
 Guadeloupe
 Guam
 Guatemala
 Guernsey
 Guinea
 Guinea-Bissau
 Guyana
 Haiti
 Heard and Mc Donald Islands
 Honduras
 Hong Kong
 Hungary
 Iceland
 India
 Indonesia
 Iran (Islamic Republic of)
 Iraq
 Ireland
 Isle of Man
 Israel
 Italy
 Jamaica
 Japan
 Jersey
 Jordan
 Kazakhstan
 Kenya
 Kiribati
 Kosovo, Republic of
 Kuwait
 Kyrgyzstan
 Lao People's Democratic Republic
 Latvia
 Lebanon
 Lesotho
 Liberia
 Libyan Arab Jamahiriya
 Liechtenstein
 Lithuania
 Luxembourg
 Macau
 Madagascar
 Malawi
 Malaysia
 Maldives
 Mali
 Malta
 Marshall Islands
 Martinique
 Mauritania
 Mauritius
 Mayotte
 Mexico
 Micronesia, Federated States of
 Moldova, Republic of
 Monaco
 Mongolia
 Montenegro
 Montserrat
 Morocco
 Mozambique
 Myanmar
 Namibia
 Nauru
 Nepal
 Netherlands
 Netherlands Antilles
 New Caledonia
 New Zealand
 Nicaragua
 Niger
 Nigeria
 Niue
 Norfolk Island
 North Korea
 Northern Mariana Islands
 Norway
 Oman
 Pakistan
 Palau
 Palestinian Territory, Occupied
 Panama
 Papua New Guinea
 Paraguay
 Peru
 Philippines
 Pitcairn
 Poland
 Portugal
 Puerto Rico
 Qatar
 Reunion
 Romania
 Russian Federation
 Rwanda
 Saint Kitts and Nevis
 Saint Lucia
 Saint Vincent and the Grenadines
 Samoa
 San Marino
 Sao Tome and Principe
 Saudi Arabia
 Senegal
 Serbia
 Seychelles
 Sierra Leone
 Singapore
 Slovak Republic
 Slovenia
 Solomon Islands
 Somalia
 South Africa
 South Georgia & South Sandwich Islands
 South Korea
 South Sudan
 Spain
 Sri Lanka
 St. Barthelemy
 St. Helena
 St. Martin (French part)
 St. Pierre and Miquelon
 Sudan
 Suriname
 Svalbard and Jan Mayen Islands
 Swaziland
 Sweden
 Switzerland
 Syrian Arab Republic
 Taiwan
 Tajikistan
 Tanzania, United Republic of
 Thailand
 Togo
 Tokelau
 Tonga
 Trinidad and Tobago
 Tristan da Cunha
 Tunisia
 Turkey
 Turkmenistan
 Turks and Caicos Islands
 Tuvalu
 Uganda
 Ukraine
 United Arab Emirates
 United Kingdom
 United States
 United States Minor Outlying Islands
 Uruguay
 Uzbekistan
 Vanuatu
 Vatican City State (Holy See)
 Venezuela
 Viet Nam
 Virgin Islands (British)
 Virgin Islands (U.S.)
 Wallis and Futuna Islands
 Western Sahara
 Yemen
 Zambia
 Zimbabwe
 
Successfully click on element Bulgaria
Successfully click on element --- Please Select ---
Blagoevgrad
Burgas
Dobrich
Gabrovo
Haskovo
Kardjali
Kyustendil
Lovech
Montana
Pazardjik
Pernik
Pleven
Plovdiv
Razgrad
Ruse
Shumen
Silistra
Sliven
Smolyan
Sofia
Sofia - town
Stara Zagora
Targovishte
Varna
Veliko Tarnovo
Vidin
Vratza
Yambol
Successfully click on element Sofia
Successfully click on element 
Successfully click on element ]]>
  </system-out>
  <testcase classname="ShoppingTests.DifferentCalculations" name="t5_facadeGuestAccountShippingAddress_VAT_NO">
    <skipped/>
  </testcase> <!-- t5_facadeGuestAccountShippingAddress_VAT_NO -->
  <system-out/>
</testsuite> <!-- ShoppingTests.DifferentCalculations -->
