<?xml version="1.0" encoding="UTF-8"?>
<!-- Generated by org.testng.reporters.JUnitReportReporter -->
<testsuite hostname="NUV-5CG1152V3W" failures="0" tests="1" name="ShoppingTests.TESTS_ContinueShopping" time="14.556" errors="0" timestamp="2023-06-08T14:32:49 EEST" skipped="0">
  <testcase classname="ShoppingTests.TESTS_ContinueShopping" name="checkoutItemWithVAT" time="14.556"/>
  <system-out>
    <![CDATA[Successfully opened url 'https://ecommerce-playground.lambdatest.io/index.php?route=common/home'
 Enter value : HTC Touch HD
Successfully click on element 
Page title  is Verified]]>
  </system-out>
</testsuite> <!-- ShoppingTests.TESTS_ContinueShopping -->
