<?xml version="1.0" encoding="UTF-8"?>
<!-- Generated by org.testng.reporters.JUnitReportReporter -->
<testsuite hostname="NUV-5CG1152V3W" failures="0" tests="1" name="ShoppingTests.TESTS_AddRemoveMultipleItems" time="14.042" errors="0" timestamp="2023-05-29T15:25:16 EEST" skipped="0">
  <testcase classname="ShoppingTests.TESTS_AddRemoveMultipleItems" name="t2_shopingCart_AddMultipleItemsVerification" time="14.042"/>
  <system-out>
    <![CDATA[Starting test method:t2_shopingCart_AddMultipleItemsVerification
Successfully opened url 'https://ecommerce-playground.lambdatest.io/index.php?route=common/home'
 Enter value : HTC Touch HD
Successfully click on element 
Successfully click on element 
Successfully click on element 
Successfully click on element 
t2_shopingCart_AddMultipleItemsVerification is Passed]]>
  </system-out>
</testsuite> <!-- ShoppingTests.TESTS_AddRemoveMultipleItems -->
