<?xml version="1.0" encoding="UTF-8"?>
<!-- Generated by org.testng.reporters.JUnitReportReporter -->
<testsuite hostname="NUV-5CG1152V3W" failures="0" tests="3" name="ShoppingTests.TESTS_HomePageCSV" time="4.625" errors="0" timestamp="2023-05-31T16:58:08 EEST" skipped="1">
  <testcase classname="ShoppingTests.TESTS_HomePageCSV" name="t2_csvTest" time="3.112"/>
  <system-out>
    <![CDATA[Successfully opened url 'https://ecommerce-playground.lambdatest.io/index.php?route=common/home'
 Enter value : HTC Touch HD]]>
  </system-out>
  <testcase classname="ShoppingTests.TESTS_HomePageCSV" name="t2_csvTest" time="1.513"/>
  <system-out>
    <![CDATA[Successfully opened url 'https://ecommerce-playground.lambdatest.io/index.php?route=common/home'
 Enter value : Palm Treo Pro]]>
  </system-out>
  <testcase classname="ShoppingTests.TESTS_HomePageCSV" name="dbg">
    <skipped/>
  </testcase> <!-- dbg -->
  <system-out/>
</testsuite> <!-- ShoppingTests.TESTS_HomePageCSV -->
