<?xml version="1.0" encoding="UTF-8"?>
<!-- Generated by org.testng.reporters.JUnitReportReporter -->
<testsuite hostname="NUV-5CG1152V3W" failures="0" tests="1" name="ShoppingTests.LAMBDA_TESTS_HomePage" time="0.005" errors="0" timestamp="2023-01-24T10:51:03 EET" skipped="0">
  <testcase classname="ShoppingTests.LAMBDA_TESTS_HomePage" name="t5" time="0.005"/>
  <system-out/>
</testsuite> <!-- ShoppingTests.LAMBDA_TESTS_HomePage -->
