<?xml version="1.0" encoding="UTF-8"?>
<!-- Generated by org.testng.reporters.JUnitReportReporter -->
<testsuite hostname="NUV-5CG1152V3W" failures="0" tests="2" name="ShoppingTests.TESTS_Login" time="6.808" errors="0" timestamp="2023-05-29T15:25:16 EEST" skipped="0">
  <testcase classname="ShoppingTests.TESTS_Login" name="t2_Login_Invalid_UserCredentials" time="1.206"/>
  <system-out>
    <![CDATA[Starting test method:t2_Login_Invalid_UserCredentials
Successfully opened url 'https://ecommerce-playground.lambdatest.io/index.php?route=account/login'
 Enter value : plamen.tanev31@gmail.com
 Enter value : 5555
t2_Login_Invalid_UserCredentials is Passed]]>
  </system-out>
  <testcase classname="ShoppingTests.TESTS_Login" name="t1_Login_Valid_UserCredentials" time="5.602"/>
  <system-out>
    <![CDATA[Starting test method:t1_Login_Valid_UserCredentials
Successfully opened url 'https://ecommerce-playground.lambdatest.io/index.php?route=account/login'
 Enter value : plamen.tanev31@gmail.com
 Enter value : 1234
t1_Login_Valid_UserCredentials is Passed]]>
  </system-out>
</testsuite> <!-- ShoppingTests.TESTS_Login -->
