<?xml version="1.0" encoding="UTF-8"?>
<!-- Generated by org.testng.reporters.JUnitReportReporter -->
<testsuite hostname="NUV-5CG1152V3W" failures="0" tests="2" name="ShoppingTests.TESTS_Login" time="5.193" errors="0" timestamp="2023-05-22T19:15:17 EEST" skipped="0">
  <testcase classname="ShoppingTests.TESTS_Login" name="t2_Login_Invalid_UserCredentials" time="0.852"/>
  <system-out>
    <![CDATA[Successfully opened url 'https://ecommerce-playground.lambdatest.io/index.php?route=account/login'
 Enter value : plamen.tanev31@gmail.com
 Enter value : 5555]]>
  </system-out>
  <testcase classname="ShoppingTests.TESTS_Login" name="t1_Login_Valid_UserCredentials" time="4.341"/>
  <system-out>
    <![CDATA[Successfully opened url 'https://ecommerce-playground.lambdatest.io/index.php?route=account/login'
 Enter value : plamen.tanev31@gmail.com
 Enter value : 1234]]>
  </system-out>
</testsuite> <!-- ShoppingTests.TESTS_Login -->
