<?xml version="1.0" encoding="UTF-8"?>
<!-- Generated by org.testng.reporters.JUnitReportReporter -->
<testsuite hostname="LAPTOP-DELL" failures="0" tests="1" name="ShoppingTests.TESTS_PurchaseWithLoggedUser" time="16.431" errors="0" timestamp="2023-01-31T00:07:35 EET" skipped="0">
  <testcase classname="ShoppingTests.TESTS_PurchaseWithLoggedUser" name="LoginAndPurchase" time="16.431"/>
  <system-out>
    <![CDATA[Successfully opened url 'https://ecommerce-playground.lambdatest.io/index.php?route=account/login'
 Enter value : plamen.tanev31@gmail.com
 Enter value : 1234
 Enter value : HTC Touch HD
Successfully click on element 
Text : VAT (20%): - is Verified
Successfully click on element 
Successfully click on element Continue]]>
  </system-out>
</testsuite> <!-- ShoppingTests.TESTS_PurchaseWithLoggedUser -->
