<?xml version="1.0" encoding="UTF-8"?>
<!-- Generated by org.testng.reporters.JUnitReportReporter -->
<testsuite hostname="NUV-5CG1152V3W" failures="0" tests="1" name="ShoppingTests.TESTS_PurchaseGuest_NotQuanatity" time="9.030" errors="0" timestamp="2023-05-31T17:04:17 EEST" skipped="0">
  <testcase classname="ShoppingTests.TESTS_PurchaseGuest_NotQuanatity" name="GuestCheckoutItem_With_VAT" time="9.030"/>
  <system-out>
    <![CDATA[Successfully opened url 'https://ecommerce-playground.lambdatest.io/index.php?route=common/home'
 Enter value : HTC Touch HD
Successfully click on element ]]>
  </system-out>
</testsuite> <!-- ShoppingTests.TESTS_PurchaseGuest_NotQuanatity -->
