<?xml version="1.0" encoding="UTF-8"?>
<!-- Generated by org.testng.reporters.JUnitReportReporter -->
<testsuite hostname="LAPTOP-DELL" failures="0" tests="2" name="ShoppingTests.TESTS_HomePageDP" time="7.310" errors="0" timestamp="2023-01-30T23:08:42 EET" skipped="0">
  <testcase classname="ShoppingTests.TESTS_HomePageDP" name="t3_search_ProductInTheSearchFieldAndVerifyResults" time="4.302"/>
  <system-out>
    <![CDATA[Starting test method:t3_search_ProductInTheSearchFieldAndVerifyResults
Successfully opened url 'https://ecommerce-playground.lambdatest.io/index.php?route=common/home'
 Enter value : Palm Treo Pro
t3_search_ProductInTheSearchFieldAndVerifyResults is Passed]]>
  </system-out>
  <testcase classname="ShoppingTests.TESTS_HomePageDP" name="t3_search_ProductInTheSearchFieldAndVerifyResults" time="3.008"/>
  <system-out>
    <![CDATA[Starting test method:t3_search_ProductInTheSearchFieldAndVerifyResults
Successfully opened url 'https://ecommerce-playground.lambdatest.io/index.php?route=common/home'
 Enter value : HTC Touch HD
t3_search_ProductInTheSearchFieldAndVerifyResults is Passed]]>
  </system-out>
</testsuite> <!-- ShoppingTests.TESTS_HomePageDP -->
