<?xml version="1.0" encoding="UTF-8"?>
<!-- Generated by org.testng.reporters.JUnitReportReporter -->
<testsuite hostname="LAPTOP-DELL" failures="0" tests="2" name="ShoppingTests.TESTS_ShoppingCartAddRemoveItems" time="12.515" errors="0" timestamp="2023-01-30T13:38:29 EET" skipped="0">
  <testcase classname="ShoppingTests.TESTS_ShoppingCartAddRemoveItems" name="t2_shopingCart_AddMultipleItemsVerification" time="5.132"/>
  <system-out>
    <![CDATA[Starting test method:t2_shopingCart_AddMultipleItemsVerification
Successfully opened url 'https://ecommerce-playground.lambdatest.io/index.php?route=common/home'
 Enter value : HTC Touch HD
Successfully click on element 
Successfully click on element 
Successfully click on element 
Successfully click on element 
t2_shopingCart_AddMultipleItemsVerification is Passed]]>
  </system-out>
  <testcase classname="ShoppingTests.TESTS_ShoppingCartAddRemoveItems" name="t1_shoppingCartVerificationAndRemoveProducts" time="7.383"/>
  <system-out>
    <![CDATA[Starting test method:t1_shoppingCartVerificationAndRemoveProducts
Successfully opened url 'https://ecommerce-playground.lambdatest.io/index.php?route=common/home'
 Enter value : HTC Touch HD
Successfully click on element 
Text : Checkout - is Verified
Text : View Cart - is Verified
Page title  is Verified
Text : IMAGE - is Verified
Text : PRODUCT NAME - is Verified
Text : MODEL - is Verified
Text : QUANTITY - is Verified
Text : UNIT PRICE - is Verified
Text : TOTAL - is Verified
Successfully click on element 
t1_shoppingCartVerificationAndRemoveProducts is Passed]]>
  </system-out>
</testsuite> <!-- ShoppingTests.TESTS_ShoppingCartAddRemoveItems -->
