<?xml version="1.0" encoding="UTF-8"?>
<!-- Generated by org.testng.reporters.JUnitReportReporter -->
<testsuite hostname="NUV-5CG1152V3W" failures="0" tests="2" name="ShoppingTests.TESTS_HomePageDP" time="13.806" errors="0" timestamp="2023-06-15T13:25:24 EEST" skipped="0">
  <testcase classname="ShoppingTests.TESTS_HomePageDP" name="t3_search_ProductInTheSearchFieldAndVerifyResults" time="6.113"/>
  <system-out>
    <![CDATA[Successfully opened url 'https://ecommerce-playground.lambdatest.io/index.php?route=account/login'
 Enter value : HTC Touch HD]]>
  </system-out>
  <testcase classname="ShoppingTests.TESTS_HomePageDP" name="t3_search_ProductInTheSearchFieldAndVerifyResults" time="7.693"/>
  <system-out>
    <![CDATA[Successfully opened url 'https://ecommerce-playground.lambdatest.io/index.php?route=account/login'
 Enter value : Palm Treo Pro]]>
  </system-out>
</testsuite> <!-- ShoppingTests.TESTS_HomePageDP -->
