<?xml version="1.0" encoding="UTF-8"?>
<!-- Generated by org.testng.reporters.JUnitReportReporter -->
<testsuite hostname="NUV-5CG1152V3W" failures="0" tests="2" name="ShoppingTests.TESTS_HomePageDP" time="14.262" errors="0" timestamp="2023-06-12T18:02:41 EEST" skipped="0">
  <testcase classname="ShoppingTests.TESTS_HomePageDP" name="t3_search_ProductInTheSearchFieldAndVerifyResults" time="6.105"/>
  <system-out>
    <![CDATA[Starting test method:t3_search_ProductInTheSearchFieldAndVerifyResults
Successfully opened url 'https://ecommerce-playground.lambdatest.io/index.php?route=common/home'
 Enter value : Palm Treo Pro
t3_search_ProductInTheSearchFieldAndVerifyResults is Passed]]>
  </system-out>
  <testcase classname="ShoppingTests.TESTS_HomePageDP" name="t3_search_ProductInTheSearchFieldAndVerifyResults" time="8.157"/>
  <system-out>
    <![CDATA[Starting test method:t3_search_ProductInTheSearchFieldAndVerifyResults
Successfully opened url 'https://ecommerce-playground.lambdatest.io/index.php?route=common/home'
 Enter value : HTC Touch HD
t3_search_ProductInTheSearchFieldAndVerifyResults is Passed]]>
  </system-out>
</testsuite> <!-- ShoppingTests.TESTS_HomePageDP -->
