<?xml version="1.0" encoding="UTF-8"?>
<!-- Generated by org.testng.reporters.JUnitReportReporter -->
<testsuite hostname="NUV-5CG1152V3W" failures="0" tests="3" name="ShoppingTests.TESTS_ShoppingCartInlcudingVAT" time="19.725" errors="0" timestamp="2023-01-25T14:00:12 EET" skipped="2">
  <testcase classname="ShoppingTests.TESTS_ShoppingCartInlcudingVAT" name="CheckoutItem_With_VAT" time="19.725"/>
  <system-out>
    <![CDATA[Starting test method:CheckoutItem_With_VAT
Successfully opened url 'https://ecommerce-playground.lambdatest.io/index.php?route=common/home'
 Enter value : HTC Touch HD
 Enter value : testFNghg
 Enter value : testLNydb
 Enter value : testEmailxht@test.com
 Enter value : +359123456789
 Enter value : 1234
 Enter value : 1234
 Enter value : CompanyTestqcz
 Enter value : address1_ngg
 Enter value : address2_bly
 Enter value : Sofia
 Enter value : 1111
Text : VAT (20%): - is Verified
CheckoutItem_With_VAT is Passed]]>
  </system-out>
  <testcase classname="ShoppingTests.TESTS_ShoppingCartInlcudingVAT" name="ggg">
    <skipped/>
  </testcase> <!-- ggg -->
  <system-out/>
  <testcase classname="ShoppingTests.TESTS_ShoppingCartInlcudingVAT" name="TBD">
    <skipped/>
  </testcase> <!-- TBD -->
  <system-out/>
</testsuite> <!-- ShoppingTests.TESTS_ShoppingCartInlcudingVAT -->
