<?xml version="1.0" encoding="UTF-8"?>
<!-- Generated by org.testng.reporters.JUnitReportReporter -->
<testsuite hostname="NUV-5CG1152V3W" failures="0" tests="1" name="ShoppingTests.LAMBDA_TESTS_ShoppingCartRegisterAccount" time="10.175" errors="0" timestamp="2023-01-24T16:41:14 EET" skipped="0">
  <testcase classname="ShoppingTests.LAMBDA_TESTS_ShoppingCartRegisterAccount" name="t3_CheckoutItemWithVAT" time="10.175"/>
  <system-out>
    <![CDATA[Successfully opened url 'https://ecommerce-playground.lambdatest.io/index.php?route=common/home'
 Enter value : HTC Touch HD
 Enter value : firstName_uzp
 Enter value : lastName_qlb
 Enter value : email_uab@email.com
 Enter value : +359123123123
 Enter value : 1234
 Enter value : 1234
 Enter value : company_jmc
 Enter value : address1_yon
 Enter value : address2_itg
 Enter value : Sofia
 Enter value : 1111]]>
  </system-out>
</testsuite> <!-- ShoppingTests.LAMBDA_TESTS_ShoppingCartRegisterAccount -->
