<?xml version="1.0" encoding="UTF-8"?>
<!-- Generated by org.testng.reporters.JUnitReportReporter -->
<testsuite hostname="NUV-5CG1152V3W" failures="0" tests="1" name="ShoppingTests.TESTS_HomePage" time="4.348" errors="0" timestamp="2023-05-29T15:25:16 EEST" skipped="0">
  <testcase classname="ShoppingTests.TESTS_HomePage" name="t1_verify_HomePageElements" time="4.348"/>
  <system-out>
    <![CDATA[Starting test method:t1_verify_HomePageElements
Successfully opened url 'https://ecommerce-playground.lambdatest.io/index.php?route=common/home'
Successfully click on element Shop by Category
t1_verify_HomePageElements is Passed]]>
  </system-out>
</testsuite> <!-- ShoppingTests.TESTS_HomePage -->
